错误时间 : 2019-06-15 10:33:18
错误对象 : BLL
异常方法 : System.String PalmCoreIIS3738API(System.String, System.Collections.Generic.Dictionary`2[System.String,System.String], System.String)
错误信息 : 远程服务器返回错误: (500) 内部服务器错误。
堆栈内容 : 
   在 BLL.PalmAPIHelper.PalmCoreIIS3738API(String url, Dictionary`2 postData, String requestmethod) 位置 E:\Pain\3738(zenpan)front\WebPC\BLL\PalmAPIHelper.cs:行号 72
   在 BLL.BLLRequestData.RequestIIS3738Data(String pageurl, String data, String& json, String& errmsg) 位置 E:\Pain\3738(zenpan)front\WebPC\BLL\BLLRequestData.cs:行号 110

***************************************************************

错误时间 : 2019-06-15 10:33:24
错误对象 : BLL
异常方法 : System.String PalmCoreIIS3738API(System.String, System.Collections.Generic.Dictionary`2[System.String,System.String], System.String)
错误信息 : 远程服务器返回错误: (500) 内部服务器错误。
堆栈内容 : 
   在 BLL.PalmAPIHelper.PalmCoreIIS3738API(String url, Dictionary`2 postData, String requestmethod) 位置 E:\Pain\3738(zenpan)front\WebPC\BLL\PalmAPIHelper.cs:行号 72
   在 BLL.BLLRequestData.RequestIIS3738Data(String pageurl, String data, String& json, String& errmsg) 位置 E:\Pain\3738(zenpan)front\WebPC\BLL\BLLRequestData.cs:行号 110

***************************************************************

错误时间 : 2019-06-15 10:33:29
错误对象 : BLL
异常方法 : System.String PalmCoreIIS3738API(System.String, System.Collections.Generic.Dictionary`2[System.String,System.String], System.String)
错误信息 : 远程服务器返回错误: (500) 内部服务器错误。
堆栈内容 : 
   在 BLL.PalmAPIHelper.PalmCoreIIS3738API(String url, Dictionary`2 postData, String requestmethod) 位置 E:\Pain\3738(zenpan)front\WebPC\BLL\PalmAPIHelper.cs:行号 72
   在 BLL.BLLRequestData.RequestIIS3738Data(String pageurl, String data, String& json, String& errmsg) 位置 E:\Pain\3738(zenpan)front\WebPC\BLL\BLLRequestData.cs:行号 110

***************************************************************

错误时间 : 2019-06-15 10:34:28
错误对象 : BLL
异常方法 : System.String PalmCoreIIS3738API(System.String, System.Collections.Generic.Dictionary`2[System.String,System.String], System.String)
错误信息 : 远程服务器返回错误: (500) 内部服务器错误。
堆栈内容 : 
   在 BLL.PalmAPIHelper.PalmCoreIIS3738API(String url, Dictionary`2 postData, String requestmethod) 位置 E:\Pain\3738(zenpan)front\WebPC\BLL\PalmAPIHelper.cs:行号 72
   在 BLL.BLLRequestData.RequestIIS3738Data(String pageurl, String data, String& json, String& errmsg) 位置 E:\Pain\3738(zenpan)front\WebPC\BLL\BLLRequestData.cs:行号 110

***************************************************************

错误时间 : 2019-06-15 10:46:27
错误对象 : BLL
异常方法 : System.String PalmCoreIIS3738API(System.String, System.Collections.Generic.Dictionary`2[System.String,System.String], System.String)
错误信息 : 远程服务器返回错误: (500) 内部服务器错误。
堆栈内容 : 
   在 BLL.PalmAPIHelper.PalmCoreIIS3738API(String url, Dictionary`2 postData, String requestmethod) 位置 E:\Pain\3738(zenpan)front\WebPC\BLL\PalmAPIHelper.cs:行号 72
   在 BLL.BLLRequestData.RequestIIS3738Data(String pageurl, String data, String& json, String& errmsg) 位置 E:\Pain\3738(zenpan)front\WebPC\BLL\BLLRequestData.cs:行号 110

***************************************************************

错误时间 : 2019-06-15 10:47:13
错误对象 : BLL
异常方法 : System.String PalmCoreIIS3738API(System.String, System.Collections.Generic.Dictionary`2[System.String,System.String], System.String)
错误信息 : 基础连接已经关闭: 接收时发生错误。
堆栈内容 : 
   在 BLL.PalmAPIHelper.PalmCoreIIS3738API(String url, Dictionary`2 postData, String requestmethod) 位置 E:\Pain\3738(zenpan)front\WebPC\BLL\PalmAPIHelper.cs:行号 72
   在 BLL.BLLRequestData.RequestIIS3738Data(String pageurl, String data, String& json, String& errmsg) 位置 E:\Pain\3738(zenpan)front\WebPC\BLL\BLLRequestData.cs:行号 110

***************************************************************

错误时间 : 2019-06-15 10:49:48
错误对象 : BLL
异常方法 : System.String PalmCoreIIS3738API(System.String, System.Collections.Generic.Dictionary`2[System.String,System.String], System.String)
错误信息 : 操作超时
堆栈内容 : 
   在 BLL.PalmAPIHelper.PalmCoreIIS3738API(String url, Dictionary`2 postData, String requestmethod) 位置 E:\Pain\3738(zenpan)front\WebPC\BLL\PalmAPIHelper.cs:行号 72
   在 BLL.BLLRequestData.RequestIIS3738Data(String pageurl, String data, String& json, String& errmsg) 位置 E:\Pain\3738(zenpan)front\WebPC\BLL\BLLRequestData.cs:行号 110

***************************************************************

错误时间 : 2019-06-15 11:03:05
错误对象 : BLL
异常方法 : System.String PalmCoreIIS3738API(System.String, System.Collections.Generic.Dictionary`2[System.String,System.String], System.String)
错误信息 : 操作超时
堆栈内容 : 
   在 BLL.PalmAPIHelper.PalmCoreIIS3738API(String url, Dictionary`2 postData, String requestmethod) 位置 E:\Pain\3738(zenpan)front\WebPC\BLL\PalmAPIHelper.cs:行号 72
   在 BLL.BLLRequestData.RequestIIS3738Data(String pageurl, String data, String& json, String& errmsg) 位置 E:\Pain\3738(zenpan)front\WebPC\BLL\BLLRequestData.cs:行号 110

***************************************************************

错误时间 : 2019-06-15 11:22:32
错误对象 : BLL
异常方法 : System.String PalmCoreIIS3738API(System.String, System.Collections.Generic.Dictionary`2[System.String,System.String], System.String)
错误信息 : 操作超时
堆栈内容 : 
   在 BLL.PalmAPIHelper.PalmCoreIIS3738API(String url, Dictionary`2 postData, String requestmethod) 位置 E:\Pain\3738(zenpan)front\WebPC\BLL\PalmAPIHelper.cs:行号 72
   在 BLL.BLLRequestData.RequestIIS3738Data(String pageurl, String data, String& json, String& errmsg) 位置 E:\Pain\3738(zenpan)front\WebPC\BLL\BLLRequestData.cs:行号 110

***************************************************************

错误时间 : 2019-06-15 11:29:12
错误对象 : BLL
异常方法 : System.String PalmCoreIIS3738API(System.String, System.Collections.Generic.Dictionary`2[System.String,System.String], System.String)
错误信息 : 远程服务器返回错误: (500) 内部服务器错误。
堆栈内容 : 
   在 BLL.PalmAPIHelper.PalmCoreIIS3738API(String url, Dictionary`2 postData, String requestmethod) 位置 E:\Pain\3738(zenpan)front\WebPC\BLL\PalmAPIHelper.cs:行号 72
   在 BLL.BLLRequestData.RequestIIS3738Data(String pageurl, String data, String& json, String& errmsg) 位置 E:\Pain\3738(zenpan)front\WebPC\BLL\BLLRequestData.cs:行号 110

***************************************************************

错误时间 : 2019-06-15 11:42:18
错误对象 : BLL
异常方法 : System.String PalmCoreIIS3738API(System.String, System.Collections.Generic.Dictionary`2[System.String,System.String], System.String)
错误信息 : 操作超时
堆栈内容 : 
   在 BLL.PalmAPIHelper.PalmCoreIIS3738API(String url, Dictionary`2 postData, String requestmethod) 位置 E:\Pain\3738(zenpan)front\WebPC\BLL\PalmAPIHelper.cs:行号 72
   在 BLL.BLLRequestData.RequestIIS3738Data(String pageurl, String data, String& json, String& errmsg) 位置 E:\Pain\3738(zenpan)front\WebPC\BLL\BLLRequestData.cs:行号 110

***************************************************************

错误时间 : 2019-06-15 11:51:30
错误对象 : BLL
异常方法 : System.String PalmCoreIIS3738API(System.String, System.Collections.Generic.Dictionary`2[System.String,System.String], System.String)
错误信息 : 远程服务器返回错误: (500) 内部服务器错误。
堆栈内容 : 
   在 BLL.PalmAPIHelper.PalmCoreIIS3738API(String url, Dictionary`2 postData, String requestmethod) 位置 E:\Pain\3738(zenpan)front\WebPC\BLL\PalmAPIHelper.cs:行号 72
   在 BLL.BLLRequestData.RequestIIS3738Data(String pageurl, String data, String& json, String& errmsg) 位置 E:\Pain\3738(zenpan)front\WebPC\BLL\BLLRequestData.cs:行号 110

***************************************************************

错误时间 : 2019-06-15 11:54:16
错误对象 : BLL
异常方法 : System.String PalmCoreIIS3738API(System.String, System.Collections.Generic.Dictionary`2[System.String,System.String], System.String)
错误信息 : 远程服务器返回错误: (500) 内部服务器错误。
堆栈内容 : 
   在 BLL.PalmAPIHelper.PalmCoreIIS3738API(String url, Dictionary`2 postData, String requestmethod) 位置 E:\Pain\3738(zenpan)front\WebPC\BLL\PalmAPIHelper.cs:行号 72
   在 BLL.BLLRequestData.RequestIIS3738Data(String pageurl, String data, String& json, String& errmsg) 位置 E:\Pain\3738(zenpan)front\WebPC\BLL\BLLRequestData.cs:行号 110

***************************************************************

错误时间 : 2019-06-15 11:56:18
错误对象 : BLL
异常方法 : System.String PalmCoreIIS3738API(System.String, System.Collections.Generic.Dictionary`2[System.String,System.String], System.String)
错误信息 : 远程服务器返回错误: (500) 内部服务器错误。
堆栈内容 : 
   在 BLL.PalmAPIHelper.PalmCoreIIS3738API(String url, Dictionary`2 postData, String requestmethod) 位置 E:\Pain\3738(zenpan)front\WebPC\BLL\PalmAPIHelper.cs:行号 72
   在 BLL.BLLRequestData.RequestIIS3738Data(String pageurl, String data, String& json, String& errmsg) 位置 E:\Pain\3738(zenpan)front\WebPC\BLL\BLLRequestData.cs:行号 110

***************************************************************

错误时间 : 2019-06-15 11:57:01
错误对象 : BLL
异常方法 : System.String PalmCoreIIS3738API(System.String, System.Collections.Generic.Dictionary`2[System.String,System.String], System.String)
错误信息 : 远程服务器返回错误: (500) 内部服务器错误。
堆栈内容 : 
   在 BLL.PalmAPIHelper.PalmCoreIIS3738API(String url, Dictionary`2 postData, String requestmethod) 位置 E:\Pain\3738(zenpan)front\WebPC\BLL\PalmAPIHelper.cs:行号 72
   在 BLL.BLLRequestData.RequestIIS3738Data(String pageurl, String data, String& json, String& errmsg) 位置 E:\Pain\3738(zenpan)front\WebPC\BLL\BLLRequestData.cs:行号 110

***************************************************************

错误时间 : 2019-06-15 14:21:58
错误对象 : BLL
异常方法 : System.String PalmCoreIIS3738API(System.String, System.String, System.String)
错误信息 : 基础连接已经关闭: 接收时发生错误。
堆栈内容 : 
   在 BLL.PalmAPIHelper.PalmCoreIIS3738API(String url, String postData, String requestmethod) 位置 E:\Pain\3738(zenpan)front\WebPC\BLL\PalmAPIHelper.cs:行号 72
   在 BLL.BLLRequestData.RequestIIS3738Data(String pageurl, String data, String& json, String& errmsg) 位置 E:\Pain\3738(zenpan)front\WebPC\BLL\BLLRequestData.cs:行号 108

***************************************************************

错误时间 : 2019-06-15 14:24:35
错误对象 : BLL
异常方法 : System.String PalmCoreIIS3738API(System.String, System.String, System.String)
错误信息 : 基础连接已经关闭: 接收时发生错误。
堆栈内容 : 
   在 BLL.PalmAPIHelper.PalmCoreIIS3738API(String url, String postData, String requestmethod) 位置 E:\Pain\3738(zenpan)front\WebPC\BLL\PalmAPIHelper.cs:行号 72
   在 BLL.BLLRequestData.RequestIIS3738Data(String pageurl, String data, String& json, String& errmsg) 位置 E:\Pain\3738(zenpan)front\WebPC\BLL\BLLRequestData.cs:行号 108

***************************************************************

错误时间 : 2019-06-15 14:53:19
错误对象 : BLL
异常方法 : System.String PalmCoreIIS3738API(System.String, System.String, System.String)
错误信息 : 操作超时
堆栈内容 : 
   在 BLL.PalmAPIHelper.PalmCoreIIS3738API(String url, String postData, String requestmethod) 位置 E:\Pain\3738(zenpan)front\WebPC\BLL\PalmAPIHelper.cs:行号 72
   在 BLL.BLLRequestData.RequestIIS3738Data(String pageurl, String data, String& json, String& errmsg) 位置 E:\Pain\3738(zenpan)front\WebPC\BLL\BLLRequestData.cs:行号 108

***************************************************************

错误时间 : 2019-06-15 15:00:26
错误对象 : BLL
异常方法 : System.String PalmCoreIIS3738API(System.String, System.String, System.String)
错误信息 : 基础连接已经关闭: 接收时发生错误。
堆栈内容 : 
   在 BLL.PalmAPIHelper.PalmCoreIIS3738API(String url, String postData, String requestmethod) 位置 E:\Pain\3738(zenpan)front\WebPC\BLL\PalmAPIHelper.cs:行号 72
   在 BLL.BLLRequestData.RequestIIS3738Data(String pageurl, String data, String& json, String& errmsg) 位置 E:\Pain\3738(zenpan)front\WebPC\BLL\BLLRequestData.cs:行号 108

***************************************************************

错误时间 : 2019-06-15 15:05:50
错误对象 : BLL
异常方法 : System.String PalmCoreIIS3738API(System.String, System.String, System.String)
错误信息 : 基础连接已经关闭: 接收时发生错误。
堆栈内容 : 
   在 BLL.PalmAPIHelper.PalmCoreIIS3738API(String url, String postData, String requestmethod) 位置 E:\Pain\3738(zenpan)front\WebPC\BLL\PalmAPIHelper.cs:行号 72
   在 BLL.BLLRequestData.RequestIIS3738Data(String pageurl, String data, String& json, String& errmsg) 位置 E:\Pain\3738(zenpan)front\WebPC\BLL\BLLRequestData.cs:行号 108

***************************************************************

错误时间 : 2019-06-15 15:53:06
错误对象 : BLL
异常方法 : System.String PalmCoreIIS3738API(System.String, System.String, System.String)
错误信息 : 基础连接已经关闭: 服务器关闭了本应保持活动状态的连接。
堆栈内容 : 
   在 BLL.PalmAPIHelper.PalmCoreIIS3738API(String url, String postData, String requestmethod) 位置 E:\Pain\3738(zenpan)front\WebPC\BLL\PalmAPIHelper.cs:行号 72
   在 BLL.BLLRequestData.RequestIIS3738Data(String pageurl, String data, String& json, String& errmsg) 位置 E:\Pain\3738(zenpan)front\WebPC\BLL\BLLRequestData.cs:行号 108

***************************************************************

错误时间 : 2019-06-15 16:09:52
错误对象 : BLL
异常方法 : System.String PalmCoreIIS3738API(System.String, System.String, System.String)
错误信息 : 基础连接已经关闭: 服务器关闭了本应保持活动状态的连接。
堆栈内容 : 
   在 BLL.PalmAPIHelper.PalmCoreIIS3738API(String url, String postData, String requestmethod) 位置 E:\Pain\3738(zenpan)front\WebPC\BLL\PalmAPIHelper.cs:行号 72
   在 BLL.BLLRequestData.RequestIIS3738Data(String pageurl, String data, String& json, String& errmsg) 位置 E:\Pain\3738(zenpan)front\WebPC\BLL\BLLRequestData.cs:行号 108

***************************************************************

错误时间 : 2019-06-15 16:11:28
错误对象 : BLL
异常方法 : System.String PalmCoreIIS3738API(System.String, System.String, System.String)
错误信息 : 基础连接已经关闭: 接收时发生错误。
堆栈内容 : 
   在 BLL.PalmAPIHelper.PalmCoreIIS3738API(String url, String postData, String requestmethod) 位置 E:\Pain\3738(zenpan)front\WebPC\BLL\PalmAPIHelper.cs:行号 72
   在 BLL.BLLRequestData.RequestIIS3738Data(String pageurl, String data, String& json, String& errmsg) 位置 E:\Pain\3738(zenpan)front\WebPC\BLL\BLLRequestData.cs:行号 108

***************************************************************

错误时间 : 2019-06-15 16:14:39
错误对象 : BLL
异常方法 : System.String PalmCoreIIS3738API(System.String, System.String, System.String)
错误信息 : 操作超时
堆栈内容 : 
   在 BLL.PalmAPIHelper.PalmCoreIIS3738API(String url, String postData, String requestmethod) 位置 E:\Pain\3738(zenpan)front\WebPC\BLL\PalmAPIHelper.cs:行号 72
   在 BLL.BLLRequestData.RequestIIS3738Data(String pageurl, String data, String& json, String& errmsg) 位置 E:\Pain\3738(zenpan)front\WebPC\BLL\BLLRequestData.cs:行号 108

***************************************************************

错误时间 : 2019-06-15 16:16:36
错误对象 : BLL
异常方法 : System.String PalmCoreIIS3738API(System.String, System.String, System.String)
错误信息 : 基础连接已经关闭: 接收时发生错误。
堆栈内容 : 
   在 BLL.PalmAPIHelper.PalmCoreIIS3738API(String url, String postData, String requestmethod) 位置 E:\Pain\3738(zenpan)front\WebPC\BLL\PalmAPIHelper.cs:行号 72
   在 BLL.BLLRequestData.RequestIIS3738Data(String pageurl, String data, String& json, String& errmsg) 位置 E:\Pain\3738(zenpan)front\WebPC\BLL\BLLRequestData.cs:行号 108

***************************************************************

错误时间 : 2019-06-15 16:19:22
错误对象 : BLL
异常方法 : System.String PalmCoreIIS3738API(System.String, System.String, System.String)
错误信息 : 基础连接已经关闭: 服务器关闭了本应保持活动状态的连接。
堆栈内容 : 
   在 BLL.PalmAPIHelper.PalmCoreIIS3738API(String url, String postData, String requestmethod) 位置 E:\Pain\3738(zenpan)front\WebPC\BLL\PalmAPIHelper.cs:行号 72
   在 BLL.BLLRequestData.RequestIIS3738Data(String pageurl, String data, String& json, String& errmsg) 位置 E:\Pain\3738(zenpan)front\WebPC\BLL\BLLRequestData.cs:行号 108

***************************************************************

错误时间 : 2019-06-15 16:21:00
错误对象 : BLL
异常方法 : System.String PalmCoreIIS3738API(System.String, System.String, System.String)
错误信息 : 基础连接已经关闭: 接收时发生错误。
堆栈内容 : 
   在 BLL.PalmAPIHelper.PalmCoreIIS3738API(String url, String postData, String requestmethod) 位置 E:\Pain\3738(zenpan)front\WebPC\BLL\PalmAPIHelper.cs:行号 72
   在 BLL.BLLRequestData.RequestIIS3738Data(String pageurl, String data, String& json, String& errmsg) 位置 E:\Pain\3738(zenpan)front\WebPC\BLL\BLLRequestData.cs:行号 108

***************************************************************

错误时间 : 2019-06-15 16:29:37
错误对象 : BLL
异常方法 : System.String PalmCoreIIS3738API(System.String, System.String, System.String)
错误信息 : 操作超时
堆栈内容 : 
   在 BLL.PalmAPIHelper.PalmCoreIIS3738API(String url, String postData, String requestmethod) 位置 E:\Pain\3738(zenpan)front\WebPC\BLL\PalmAPIHelper.cs:行号 72
   在 BLL.BLLRequestData.RequestIIS3738Data(String pageurl, String data, String& json, String& errmsg) 位置 E:\Pain\3738(zenpan)front\WebPC\BLL\BLLRequestData.cs:行号 108

***************************************************************

错误时间 : 2019-06-15 16:31:36
错误对象 : BLL
异常方法 : System.String PalmCoreIIS3738API(System.String, System.String, System.String)
错误信息 : 基础连接已经关闭: 服务器关闭了本应保持活动状态的连接。
堆栈内容 : 
   在 BLL.PalmAPIHelper.PalmCoreIIS3738API(String url, String postData, String requestmethod) 位置 E:\Pain\3738(zenpan)front\WebPC\BLL\PalmAPIHelper.cs:行号 72
   在 BLL.BLLRequestData.RequestIIS3738Data(String pageurl, String data, String& json, String& errmsg) 位置 E:\Pain\3738(zenpan)front\WebPC\BLL\BLLRequestData.cs:行号 108

***************************************************************

错误时间 : 2019-06-15 16:43:55
错误对象 : BLL
异常方法 : System.String PalmCoreIIS3738API(System.String, System.String, System.String)
错误信息 : 无法连接到远程服务器
堆栈内容 : 
   在 BLL.PalmAPIHelper.PalmCoreIIS3738API(String url, String postData, String requestmethod) 位置 E:\Pain\3738(zenpan)front\WebPC\BLL\PalmAPIHelper.cs:行号 72
   在 BLL.BLLRequestData.RequestIIS3738Data(String pageurl, String data, String& json, String& errmsg) 位置 E:\Pain\3738(zenpan)front\WebPC\BLL\BLLRequestData.cs:行号 108

***************************************************************

错误时间 : 2019-06-15 16:48:37
错误对象 : BLL
异常方法 : System.String PalmCoreIIS3738API(System.String, System.String, System.String)
错误信息 : 基础连接已经关闭: 接收时发生错误。
堆栈内容 : 
   在 BLL.PalmAPIHelper.PalmCoreIIS3738API(String url, String postData, String requestmethod) 位置 E:\Pain\3738(zenpan)front\WebPC\BLL\PalmAPIHelper.cs:行号 72
   在 BLL.BLLRequestData.RequestIIS3738Data(String pageurl, String data, String& json, String& errmsg) 位置 E:\Pain\3738(zenpan)front\WebPC\BLL\BLLRequestData.cs:行号 108

***************************************************************

错误时间 : 2019-06-15 17:39:14
错误对象 : BLL
异常方法 : System.String PalmCoreIIS3738API(System.String, System.String, System.String)
错误信息 : 基础连接已经关闭: 接收时发生错误。
堆栈内容 : 
   在 BLL.PalmAPIHelper.PalmCoreIIS3738API(String url, String postData, String requestmethod) 位置 E:\Pain\3738(zenpan)front\WebPC\BLL\PalmAPIHelper.cs:行号 72
   在 BLL.BLLRequestData.RequestIIS3738Data(String pageurl, String data, String& json, String& errmsg) 位置 E:\Pain\3738(zenpan)front\WebPC\BLL\BLLRequestData.cs:行号 108

***************************************************************

错误时间 : 2019-06-15 17:40:06
错误对象 : BLL
异常方法 : System.String PalmCoreIIS3738API(System.String, System.String, System.String)
错误信息 : 无法连接到远程服务器
堆栈内容 : 
   在 BLL.PalmAPIHelper.PalmCoreIIS3738API(String url, String postData, String requestmethod) 位置 E:\Pain\3738(zenpan)front\WebPC\BLL\PalmAPIHelper.cs:行号 72
   在 BLL.BLLRequestData.RequestIIS3738Data(String pageurl, String data, String& json, String& errmsg) 位置 E:\Pain\3738(zenpan)front\WebPC\BLL\BLLRequestData.cs:行号 108

***************************************************************

错误时间 : 2019-06-15 17:40:10
错误对象 : BLL
异常方法 : System.String PalmCoreIIS3738API(System.String, System.String, System.String)
错误信息 : 无法连接到远程服务器
堆栈内容 : 
   在 BLL.PalmAPIHelper.PalmCoreIIS3738API(String url, String postData, String requestmethod) 位置 E:\Pain\3738(zenpan)front\WebPC\BLL\PalmAPIHelper.cs:行号 72
   在 BLL.BLLRequestData.RequestIIS3738Data(String pageurl, String data, String& json, String& errmsg) 位置 E:\Pain\3738(zenpan)front\WebPC\BLL\BLLRequestData.cs:行号 108

***************************************************************

