错误时间 : 2019-07-10 19:00:45
错误对象 : BLL
异常方法 : System.String PalmCoreIIS3738API(System.String, System.String, System.String)
错误信息 : 基础连接已经关闭: 接收时发生错误。
堆栈内容 : 
   在 BLL.PalmAPIHelper.PalmCoreIIS3738API(String url, String postData, String requestmethod) 位置 E:\Pain\3738(zenpan)front\WebPC\BLL\PalmAPIHelper.cs:行号 72
   在 BLL.BLLRequestData.RequestIIS3738Data(String pageurl, String data, String& json, String& errmsg) 位置 E:\Pain\3738(zenpan)front\WebPC\BLL\BLLRequestData.cs:行号 108

***************************************************************

错误时间 : 2019-07-10 19:10:27
错误对象 : BLL
异常方法 : System.String PalmCoreIIS3738API(System.String, System.String, System.String)
错误信息 : 基础连接已经关闭: 接收时发生错误。
堆栈内容 : 
   在 BLL.PalmAPIHelper.PalmCoreIIS3738API(String url, String postData, String requestmethod) 位置 E:\Pain\3738(zenpan)front\WebPC\BLL\PalmAPIHelper.cs:行号 72
   在 BLL.BLLRequestData.RequestIIS3738Data(String pageurl, String data, String& json, String& errmsg) 位置 E:\Pain\3738(zenpan)front\WebPC\BLL\BLLRequestData.cs:行号 108

***************************************************************

错误时间 : 2019-07-10 19:15:19
错误对象 : BLL
异常方法 : System.String PalmCoreIIS3738API(System.String, System.String, System.String)
错误信息 : 远程服务器返回错误: (500) 内部服务器错误。
堆栈内容 : 
   在 BLL.PalmAPIHelper.PalmCoreIIS3738API(String url, String postData, String requestmethod) 位置 E:\Pain\3738(zenpan)front\WebPC\BLL\PalmAPIHelper.cs:行号 77
   在 BLL.BLLRequestData.RequestIIS3738Data(String pageurl, String data, String& json, String& errmsg) 位置 E:\Pain\3738(zenpan)front\WebPC\BLL\BLLRequestData.cs:行号 108

***************************************************************

错误时间 : 2019-07-10 19:16:58
错误对象 : BLL
异常方法 : System.String PalmCoreIIS3738API(System.String, System.String, System.String)
错误信息 : 远程服务器返回错误: (500) 内部服务器错误。
堆栈内容 : 
   在 BLL.PalmAPIHelper.PalmCoreIIS3738API(String url, String postData, String requestmethod) 位置 E:\Pain\3738(zenpan)front\WebPC\BLL\PalmAPIHelper.cs:行号 77
   在 BLL.BLLRequestData.RequestIIS3738Data(String pageurl, String data, String& json, String& errmsg) 位置 E:\Pain\3738(zenpan)front\WebPC\BLL\BLLRequestData.cs:行号 108

***************************************************************

错误时间 : 2019-07-10 19:18:40
错误对象 : BLL
异常方法 : System.String PalmCoreIIS3738API(System.String, System.String, System.String)
错误信息 : 操作超时
堆栈内容 : 
   在 BLL.PalmAPIHelper.PalmCoreIIS3738API(String url, String postData, String requestmethod) 位置 E:\Pain\3738(zenpan)front\WebPC\BLL\PalmAPIHelper.cs:行号 77
   在 BLL.BLLRequestData.RequestIIS3738Data(String pageurl, String data, String& json, String& errmsg) 位置 E:\Pain\3738(zenpan)front\WebPC\BLL\BLLRequestData.cs:行号 108

***************************************************************

错误时间 : 2019-07-10 19:19:21
错误对象 : BLL
异常方法 : System.String PalmCoreIIS3738API(System.String, System.String, System.String)
错误信息 : 远程服务器返回错误: (500) 内部服务器错误。
堆栈内容 : 
   在 BLL.PalmAPIHelper.PalmCoreIIS3738API(String url, String postData, String requestmethod) 位置 E:\Pain\3738(zenpan)front\WebPC\BLL\PalmAPIHelper.cs:行号 77
   在 BLL.BLLRequestData.RequestIIS3738Data(String pageurl, String data, String& json, String& errmsg) 位置 E:\Pain\3738(zenpan)front\WebPC\BLL\BLLRequestData.cs:行号 108

***************************************************************

错误时间 : 2019-07-10 19:26:13
错误对象 : BLL
异常方法 : System.String PalmCoreIIS3738API(System.String, System.String, System.String)
错误信息 : 基础连接已经关闭: 服务器关闭了本应保持活动状态的连接。
堆栈内容 : 
   在 BLL.PalmAPIHelper.PalmCoreIIS3738API(String url, String postData, String requestmethod) 位置 E:\Pain\3738(zenpan)front\WebPC\BLL\PalmAPIHelper.cs:行号 77
   在 BLL.BLLRequestData.RequestIIS3738Data(String pageurl, String data, String& json, String& errmsg) 位置 E:\Pain\3738(zenpan)front\WebPC\BLL\BLLRequestData.cs:行号 108

***************************************************************

错误时间 : 2019-07-10 19:36:21
错误对象 : BLL
异常方法 : System.String PalmCoreIIS3738API(System.String, System.String, System.String)
错误信息 : 远程服务器返回错误: (500) 内部服务器错误。
堆栈内容 : 
   在 BLL.PalmAPIHelper.PalmCoreIIS3738API(String url, String postData, String requestmethod) 位置 E:\Pain\3738(zenpan)front\WebPC\BLL\PalmAPIHelper.cs:行号 77
   在 BLL.BLLRequestData.RequestIIS3738Data(String pageurl, String data, String& json, String& errmsg) 位置 E:\Pain\3738(zenpan)front\WebPC\BLL\BLLRequestData.cs:行号 108

***************************************************************

错误时间 : 2019-07-10 19:36:34
错误对象 : BLL
异常方法 : System.String PalmCoreIIS3738API(System.String, System.String, System.String)
错误信息 : 远程服务器返回错误: (500) 内部服务器错误。
堆栈内容 : 
   在 BLL.PalmAPIHelper.PalmCoreIIS3738API(String url, String postData, String requestmethod) 位置 E:\Pain\3738(zenpan)front\WebPC\BLL\PalmAPIHelper.cs:行号 77
   在 BLL.BLLRequestData.RequestIIS3738Data(String pageurl, String data, String& json, String& errmsg) 位置 E:\Pain\3738(zenpan)front\WebPC\BLL\BLLRequestData.cs:行号 108

***************************************************************

错误时间 : 2019-07-10 19:38:06
错误对象 : BLL
异常方法 : System.String PalmCoreIIS3738API(System.String, System.String, System.String)
错误信息 : 基础连接已经关闭: 服务器关闭了本应保持活动状态的连接。
堆栈内容 : 
   在 BLL.PalmAPIHelper.PalmCoreIIS3738API(String url, String postData, String requestmethod) 位置 E:\Pain\3738(zenpan)front\WebPC\BLL\PalmAPIHelper.cs:行号 77
   在 BLL.BLLRequestData.RequestIIS3738Data(String pageurl, String data, String& json, String& errmsg) 位置 E:\Pain\3738(zenpan)front\WebPC\BLL\BLLRequestData.cs:行号 108

***************************************************************

错误时间 : 2019-07-10 19:39:06
错误对象 : BLL
异常方法 : System.String PalmCoreIIS3738API(System.String, System.String, System.String)
错误信息 : 基础连接已经关闭: 接收时发生错误。
堆栈内容 : 
   在 BLL.PalmAPIHelper.PalmCoreIIS3738API(String url, String postData, String requestmethod) 位置 E:\Pain\3738(zenpan)front\WebPC\BLL\PalmAPIHelper.cs:行号 77
   在 BLL.BLLRequestData.RequestIIS3738Data(String pageurl, String data, String& json, String& errmsg) 位置 E:\Pain\3738(zenpan)front\WebPC\BLL\BLLRequestData.cs:行号 108

***************************************************************

错误时间 : 2019-07-10 19:54:38
错误对象 : BLL
异常方法 : System.String PalmCoreIIS3738API(System.String, System.String, System.String)
错误信息 : 基础连接已经关闭: 接收时发生错误。
堆栈内容 : 
   在 BLL.PalmAPIHelper.PalmCoreIIS3738API(String url, String postData, String requestmethod) 位置 E:\Pain\3738(zenpan)front\WebPC\BLL\PalmAPIHelper.cs:行号 73
   在 BLL.BLLRequestData.RequestIIS3738Data(String pageurl, String data, String& json, String& errmsg) 位置 E:\Pain\3738(zenpan)front\WebPC\BLL\BLLRequestData.cs:行号 108

***************************************************************

错误时间 : 2019-07-10 19:55:15
错误对象 : BLL
异常方法 : System.String PalmCoreIIS3738API(System.String, System.String, System.String)
错误信息 : 基础连接已经关闭: 接收时发生错误。
堆栈内容 : 
   在 BLL.PalmAPIHelper.PalmCoreIIS3738API(String url, String postData, String requestmethod) 位置 E:\Pain\3738(zenpan)front\WebPC\BLL\PalmAPIHelper.cs:行号 73
   在 BLL.BLLRequestData.RequestIIS3738Data(String pageurl, String data, String& json, String& errmsg) 位置 E:\Pain\3738(zenpan)front\WebPC\BLL\BLLRequestData.cs:行号 108

***************************************************************

错误时间 : 2019-07-10 19:56:05
错误对象 : BLL
异常方法 : System.String PalmCoreIIS3738API(System.String, System.String, System.String)
错误信息 : 基础连接已经关闭: 接收时发生错误。
堆栈内容 : 
   在 BLL.PalmAPIHelper.PalmCoreIIS3738API(String url, String postData, String requestmethod) 位置 E:\Pain\3738(zenpan)front\WebPC\BLL\PalmAPIHelper.cs:行号 73
   在 BLL.BLLRequestData.RequestIIS3738Data(String pageurl, String data, String& json, String& errmsg) 位置 E:\Pain\3738(zenpan)front\WebPC\BLL\BLLRequestData.cs:行号 108

***************************************************************

