错误时间 : 2019-03-22 12:53:02
错误对象 : BLL
异常方法 : System.String PalmCoreIIS3380API(System.String, System.Collections.Generic.Dictionary`2[System.String,System.String], System.String)
错误信息 : 无法连接到远程服务器
堆栈内容 : 
   在 BLL.PalmAPIHelper.PalmCoreIIS3380API(String url, Dictionary`2 postData, String requestmethod) 位置 f:\linzhanhao\信息化平台(192.168.1.247)\信息化平台\PC端\WebPC\BLL\PalmAPIHelper.cs:行号 108
   在 BLL.BLLRequestData.RequestIIS3380Data(String pageurl, String data, String& json, String& errmsg) 位置 f:\linzhanhao\信息化平台(192.168.1.247)\信息化平台\PC端\WebPC\BLL\BLLRequestData.cs:行号 79

***************************************************************

错误时间 : 2019-03-22 12:53:14
错误对象 : System.Data
异常方法 : System.Data.DataColumn get_Item(Int32)
错误信息 : 无法找到列 96。
堆栈内容 : 
   在 System.Data.DataColumnCollection.get_Item(Int32 index)
   在 System.Data.DataColumnCollection.RemoveAt(Int32 index)
   在 Common.DataHelp.ExcelFileStreamToDataTable(String path, Stream stream, DataTable& dt, String& errmsg) 位置 f:\linzhanhao\信息化平台(192.168.1.247)\信息化平台\PC端\WebPC\Common\DataHelp.cs:行号 111

***************************************************************

错误时间 : 2019-03-22 12:55:55
错误对象 : System.Data
异常方法 : System.Data.DataColumn get_Item(Int32)
错误信息 : 无法找到列 96。
堆栈内容 : 
   在 System.Data.DataColumnCollection.get_Item(Int32 index)
   在 System.Data.DataColumnCollection.RemoveAt(Int32 index)
   在 Common.DataHelp.ExcelFileStreamToDataTable(String path, Stream stream, DataTable& dt, String& errmsg) 位置 f:\linzhanhao\信息化平台(192.168.1.247)\信息化平台\PC端\WebPC\Common\DataHelp.cs:行号 111

***************************************************************

错误时间 : 2019-03-22 13:13:06
错误对象 : BLL
异常方法 : System.String PalmCoreIIS3380API(System.String, System.Collections.Generic.Dictionary`2[System.String,System.String], System.String)
错误信息 : 无法连接到远程服务器
堆栈内容 : 
   在 BLL.PalmAPIHelper.PalmCoreIIS3380API(String url, Dictionary`2 postData, String requestmethod) 位置 f:\linzhanhao\信息化平台(192.168.1.247)\信息化平台\PC端\WebPC\BLL\PalmAPIHelper.cs:行号 108
   在 BLL.BLLRequestData.RequestIIS3380Data(String pageurl, String data, String& json, String& errmsg) 位置 f:\linzhanhao\信息化平台(192.168.1.247)\信息化平台\PC端\WebPC\BLL\BLLRequestData.cs:行号 79

***************************************************************

错误时间 : 2019-03-22 13:15:06
错误对象 : BLL
异常方法 : System.String PalmCoreIIS3380API(System.String, System.Collections.Generic.Dictionary`2[System.String,System.String], System.String)
错误信息 : 无法连接到远程服务器
堆栈内容 : 
   在 BLL.PalmAPIHelper.PalmCoreIIS3380API(String url, Dictionary`2 postData, String requestmethod) 位置 f:\linzhanhao\信息化平台(192.168.1.247)\信息化平台\PC端\WebPC\BLL\PalmAPIHelper.cs:行号 108
   在 BLL.BLLRequestData.RequestIIS3380Data(String pageurl, String data, String& json, String& errmsg) 位置 f:\linzhanhao\信息化平台(192.168.1.247)\信息化平台\PC端\WebPC\BLL\BLLRequestData.cs:行号 79

***************************************************************

错误时间 : 2019-03-22 13:34:22
错误对象 : BLL
异常方法 : System.String PalmCoreIIS3380API(System.String, System.Collections.Generic.Dictionary`2[System.String,System.String], System.String)
错误信息 : 远程服务器返回错误: (500) 内部服务器错误。
堆栈内容 : 
   在 BLL.PalmAPIHelper.PalmCoreIIS3380API(String url, Dictionary`2 postData, String requestmethod) 位置 f:\linzhanhao\信息化平台(192.168.1.247)\信息化平台\PC端\WebPC\BLL\PalmAPIHelper.cs:行号 108
   在 BLL.BLLRequestData.RequestIIS3380Data(String pageurl, String data, String& json, String& errmsg) 位置 f:\linzhanhao\信息化平台(192.168.1.247)\信息化平台\PC端\WebPC\BLL\BLLRequestData.cs:行号 79

***************************************************************

错误时间 : 2019-03-22 13:38:54
错误对象 : BLL
异常方法 : System.String PalmCoreIIS3380API(System.String, System.Collections.Generic.Dictionary`2[System.String,System.String], System.String)
错误信息 : 远程服务器返回错误: (500) 内部服务器错误。
堆栈内容 : 
   在 BLL.PalmAPIHelper.PalmCoreIIS3380API(String url, Dictionary`2 postData, String requestmethod) 位置 f:\linzhanhao\信息化平台(192.168.1.247)\信息化平台\PC端\WebPC\BLL\PalmAPIHelper.cs:行号 108
   在 BLL.BLLRequestData.RequestIIS3380Data(String pageurl, String data, String& json, String& errmsg) 位置 f:\linzhanhao\信息化平台(192.168.1.247)\信息化平台\PC端\WebPC\BLL\BLLRequestData.cs:行号 79

***************************************************************

错误时间 : 2019-03-22 13:41:28
错误对象 : BLL
异常方法 : System.String PalmCoreIIS3380API(System.String, System.Collections.Generic.Dictionary`2[System.String,System.String], System.String)
错误信息 : 远程服务器返回错误: (500) 内部服务器错误。
堆栈内容 : 
   在 BLL.PalmAPIHelper.PalmCoreIIS3380API(String url, Dictionary`2 postData, String requestmethod) 位置 f:\linzhanhao\信息化平台(192.168.1.247)\信息化平台\PC端\WebPC\BLL\PalmAPIHelper.cs:行号 108
   在 BLL.BLLRequestData.RequestIIS3380Data(String pageurl, String data, String& json, String& errmsg) 位置 f:\linzhanhao\信息化平台(192.168.1.247)\信息化平台\PC端\WebPC\BLL\BLLRequestData.cs:行号 79

***************************************************************

