错误时间 : 2018-12-22 10:56:04
错误对象 : System.Data
异常方法 : NodePath GetNodeByIndex(Int32)
错误信息 : 在位置 0 处没有任何行。
堆栈内容 : 
   在 System.Data.RBTree`1.GetNodeByIndex(Int32 userIndex)
   在 System.Data.DataRowCollection.get_Item(Int32 index)
   在 DataOperator.OracleDBO.GetDataRow(String ExOracle) 位置 f:\linzhanhao\MES\WX\WX\DataOperator\OracleDBO.cs:行号 786

**********************************************************************

错误时间 : 2018-12-22 10:56:08
错误对象 : Oracle Data Provider for .NET
异常方法 : Void HandleErrorHelper(Int32, Oracle.DataAccess.Client.OracleConnection, IntPtr, Oracle.DataAccess.Client.OpoSqlValCtx*, System.Object, System.String, Boolean)
错误信息 : ORA-00942: 表或视图不存在
堆栈内容 : 
   在 Oracle.DataAccess.Client.OracleException.HandleErrorHelper(Int32 errCode, OracleConnection conn, IntPtr opsErrCtx, OpoSqlValCtx* pOpoSqlValCtx, Object src, String procedure, Boolean bCheck)
   在 Oracle.DataAccess.Client.OracleException.HandleError(Int32 errCode, OracleConnection conn, String procedure, IntPtr opsErrCtx, OpoSqlValCtx* pOpoSqlValCtx, Object src, Boolean bCheck)
   在 Oracle.DataAccess.Client.OracleCommand.ExecuteReader(Boolean requery, Boolean fillRequest, CommandBehavior behavior)
   在 Oracle.DataAccess.Client.OracleDataAdapter.Fill(DataTable[] dataTables, Int32 startRecord, Int32 maxRecords, IDbCommand command, CommandBehavior behavior)
   在 System.Data.Common.DbDataAdapter.Fill(DataTable dataTable)
   在 DataOperator.OracleDBO.GetDataTable(String ExOracle) 位置 f:\linzhanhao\MES\WX\WX\DataOperator\OracleDBO.cs:行号 738

**********************************************************************

错误时间 : 2018-12-22 10:56:08
错误对象 : System.Data
异常方法 : NodePath GetNodeByIndex(Int32)
错误信息 : 在位置 0 处没有任何行。
堆栈内容 : 
   在 System.Data.RBTree`1.GetNodeByIndex(Int32 userIndex)
   在 System.Data.DataRowCollection.get_Item(Int32 index)
   在 DataOperator.OracleDBO.GetDataRow(String ExOracle) 位置 f:\linzhanhao\MES\WX\WX\DataOperator\OracleDBO.cs:行号 786

**********************************************************************

错误时间 : 2018-12-22 10:57:58
错误对象 : System.Data
异常方法 : NodePath GetNodeByIndex(Int32)
错误信息 : 在位置 0 处没有任何行。
堆栈内容 : 
   在 System.Data.RBTree`1.GetNodeByIndex(Int32 userIndex)
   在 System.Data.DataRowCollection.get_Item(Int32 index)
   在 DataOperator.OracleDBO.GetDataRow(String ExOracle) 位置 f:\linzhanhao\MES\WX\WX\DataOperator\OracleDBO.cs:行号 786

**********************************************************************

