错误时间 : 2019-06-24 09:45:58
错误对象 : BLL
异常方法 : System.String PalmCoreAPI(System.String, System.Collections.Generic.Dictionary`2[System.String,System.String], System.String)
错误信息 : 无法连接到远程服务器
堆栈内容 : 
   在 BLL.PalmAPIHelper.PalmCoreAPI(String url, Dictionary`2 postData, String requestmethod) 位置 c:\Users\hp\Desktop\包含excel_tablede\WebPC(2)\WebPC\BLL\PalmAPIHelper.cs:行号 173
   在 BLL.BLLUserManage.LoginRequest(String account, String password, String& json, String& errmsg) 位置 c:\Users\hp\Desktop\包含excel_tablede\WebPC(2)\WebPC\BLL\BLLUserManage.cs:行号 53

***************************************************************

错误时间 : 2019-06-24 09:46:19
错误对象 : BLL
异常方法 : System.String PalmCoreAPI(System.String, System.Collections.Generic.Dictionary`2[System.String,System.String], System.String)
错误信息 : 无法连接到远程服务器
堆栈内容 : 
   在 BLL.PalmAPIHelper.PalmCoreAPI(String url, Dictionary`2 postData, String requestmethod) 位置 c:\Users\hp\Desktop\包含excel_tablede\WebPC(2)\WebPC\BLL\PalmAPIHelper.cs:行号 173
   在 BLL.BLLUserManage.LoginRequest(String account, String password, String& json, String& errmsg) 位置 c:\Users\hp\Desktop\包含excel_tablede\WebPC(2)\WebPC\BLL\BLLUserManage.cs:行号 53

***************************************************************

错误时间 : 2019-06-24 09:46:57
错误对象 : BLL
异常方法 : System.String PalmCoreAPI(System.String, System.Collections.Generic.Dictionary`2[System.String,System.String], System.String)
错误信息 : 无法连接到远程服务器
堆栈内容 : 
   在 BLL.PalmAPIHelper.PalmCoreAPI(String url, Dictionary`2 postData, String requestmethod) 位置 c:\Users\hp\Desktop\包含excel_tablede\WebPC(2)\WebPC\BLL\PalmAPIHelper.cs:行号 173
   在 BLL.BLLUserManage.LoginRequest(String account, String password, String& json, String& errmsg) 位置 c:\Users\hp\Desktop\包含excel_tablede\WebPC(2)\WebPC\BLL\BLLUserManage.cs:行号 53

***************************************************************

