错误时间 : 2019-01-18 11:08:54
错误对象 : Oracle Data Provider for .NET
异常方法 : Void HandleErrorHelper(Int32, Oracle.DataAccess.Client.OracleConnection, IntPtr, Oracle.DataAccess.Client.OpoSqlValCtx*, System.Object, System.String, Boolean)
错误信息 : ORA-00936: 缺失表达式
堆栈内容 : 
   在 Oracle.DataAccess.Client.OracleException.HandleErrorHelper(Int32 errCode, OracleConnection conn, IntPtr opsErrCtx, OpoSqlValCtx* pOpoSqlValCtx, Object src, String procedure, Boolean bCheck)
   在 Oracle.DataAccess.Client.OracleException.HandleError(Int32 errCode, OracleConnection conn, String procedure, IntPtr opsErrCtx, OpoSqlValCtx* pOpoSqlValCtx, Object src, Boolean bCheck)
   在 Oracle.DataAccess.Client.OracleCommand.ExecuteNonQuery()
   在 DataOperator.OracleDBO.ExecuteNonQuery(String ExOracle, OracleCmdParam[] MyCmdParam) 位置 c:\Users\hp\Desktop\WebService\DataOperator\OracleDBO.cs:行号 386

**********************************************************************

错误时间 : 2019-01-18 11:09:07
错误对象 : Oracle Data Provider for .NET
异常方法 : Void HandleErrorHelper(Int32, Oracle.DataAccess.Client.OracleConnection, IntPtr, Oracle.DataAccess.Client.OpoSqlValCtx*, System.Object, System.String, Boolean)
错误信息 : ORA-00936: 缺失表达式
堆栈内容 : 
   在 Oracle.DataAccess.Client.OracleException.HandleErrorHelper(Int32 errCode, OracleConnection conn, IntPtr opsErrCtx, OpoSqlValCtx* pOpoSqlValCtx, Object src, String procedure, Boolean bCheck)
   在 Oracle.DataAccess.Client.OracleException.HandleError(Int32 errCode, OracleConnection conn, String procedure, IntPtr opsErrCtx, OpoSqlValCtx* pOpoSqlValCtx, Object src, Boolean bCheck)
   在 Oracle.DataAccess.Client.OracleCommand.ExecuteNonQuery()
   在 DataOperator.OracleDBO.ExecuteNonQuery(String ExOracle, OracleCmdParam[] MyCmdParam) 位置 c:\Users\hp\Desktop\WebService\DataOperator\OracleDBO.cs:行号 386

**********************************************************************

错误时间 : 2019-01-18 11:09:10
错误对象 : Oracle Data Provider for .NET
异常方法 : Void HandleErrorHelper(Int32, Oracle.DataAccess.Client.OracleConnection, IntPtr, Oracle.DataAccess.Client.OpoSqlValCtx*, System.Object, System.String, Boolean)
错误信息 : ORA-00936: 缺失表达式
堆栈内容 : 
   在 Oracle.DataAccess.Client.OracleException.HandleErrorHelper(Int32 errCode, OracleConnection conn, IntPtr opsErrCtx, OpoSqlValCtx* pOpoSqlValCtx, Object src, String procedure, Boolean bCheck)
   在 Oracle.DataAccess.Client.OracleException.HandleError(Int32 errCode, OracleConnection conn, String procedure, IntPtr opsErrCtx, OpoSqlValCtx* pOpoSqlValCtx, Object src, Boolean bCheck)
   在 Oracle.DataAccess.Client.OracleCommand.ExecuteNonQuery()
   在 DataOperator.OracleDBO.ExecuteNonQuery(String ExOracle, OracleCmdParam[] MyCmdParam) 位置 c:\Users\hp\Desktop\WebService\DataOperator\OracleDBO.cs:行号 386

**********************************************************************

错误时间 : 2019-01-18 11:09:40
错误对象 : Oracle Data Provider for .NET
异常方法 : Void HandleErrorHelper(Int32, Oracle.DataAccess.Client.OracleConnection, IntPtr, Oracle.DataAccess.Client.OpoSqlValCtx*, System.Object, System.String, Boolean)
错误信息 : ORA-00933: SQL 命令未正确结束
堆栈内容 : 
   在 Oracle.DataAccess.Client.OracleException.HandleErrorHelper(Int32 errCode, OracleConnection conn, IntPtr opsErrCtx, OpoSqlValCtx* pOpoSqlValCtx, Object src, String procedure, Boolean bCheck)
   在 Oracle.DataAccess.Client.OracleException.HandleError(Int32 errCode, OracleConnection conn, String procedure, IntPtr opsErrCtx, OpoSqlValCtx* pOpoSqlValCtx, Object src, Boolean bCheck)
   在 Oracle.DataAccess.Client.OracleCommand.ExecuteNonQuery()
   在 DataOperator.OracleDBO.ExecuteNonQuery(String ExOracle, OracleCmdParam[] MyCmdParam) 位置 c:\Users\hp\Desktop\WebService\DataOperator\OracleDBO.cs:行号 386

**********************************************************************

错误时间 : 2019-01-18 11:10:05
错误对象 : Oracle Data Provider for .NET
异常方法 : Void HandleErrorHelper(Int32, Oracle.DataAccess.Client.OracleConnection, IntPtr, Oracle.DataAccess.Client.OpoSqlValCtx*, System.Object, System.String, Boolean)
错误信息 : ORA-00933: SQL 命令未正确结束
堆栈内容 : 
   在 Oracle.DataAccess.Client.OracleException.HandleErrorHelper(Int32 errCode, OracleConnection conn, IntPtr opsErrCtx, OpoSqlValCtx* pOpoSqlValCtx, Object src, String procedure, Boolean bCheck)
   在 Oracle.DataAccess.Client.OracleException.HandleError(Int32 errCode, OracleConnection conn, String procedure, IntPtr opsErrCtx, OpoSqlValCtx* pOpoSqlValCtx, Object src, Boolean bCheck)
   在 Oracle.DataAccess.Client.OracleCommand.ExecuteNonQuery()
   在 DataOperator.OracleDBO.ExecuteNonQuery(String ExOracle, OracleCmdParam[] MyCmdParam) 位置 c:\Users\hp\Desktop\WebService\DataOperator\OracleDBO.cs:行号 386

**********************************************************************

错误时间 : 2019-01-18 11:11:27
错误对象 : Oracle Data Provider for .NET
异常方法 : Void HandleErrorHelper(Int32, Oracle.DataAccess.Client.OracleConnection, IntPtr, Oracle.DataAccess.Client.OpoSqlValCtx*, System.Object, System.String, Boolean)
错误信息 : ORA-00933: SQL 命令未正确结束
堆栈内容 : 
   在 Oracle.DataAccess.Client.OracleException.HandleErrorHelper(Int32 errCode, OracleConnection conn, IntPtr opsErrCtx, OpoSqlValCtx* pOpoSqlValCtx, Object src, String procedure, Boolean bCheck)
   在 Oracle.DataAccess.Client.OracleException.HandleError(Int32 errCode, OracleConnection conn, String procedure, IntPtr opsErrCtx, OpoSqlValCtx* pOpoSqlValCtx, Object src, Boolean bCheck)
   在 Oracle.DataAccess.Client.OracleCommand.ExecuteNonQuery()
   在 DataOperator.OracleDBO.ExecuteNonQuery(String ExOracle, OracleCmdParam[] MyCmdParam) 位置 c:\Users\hp\Desktop\WebService\DataOperator\OracleDBO.cs:行号 386

**********************************************************************

错误时间 : 2019-01-18 11:11:30
错误对象 : Oracle Data Provider for .NET
异常方法 : Void HandleErrorHelper(Int32, Oracle.DataAccess.Client.OracleConnection, IntPtr, Oracle.DataAccess.Client.OpoSqlValCtx*, System.Object, System.String, Boolean)
错误信息 : ORA-00933: SQL 命令未正确结束
堆栈内容 : 
   在 Oracle.DataAccess.Client.OracleException.HandleErrorHelper(Int32 errCode, OracleConnection conn, IntPtr opsErrCtx, OpoSqlValCtx* pOpoSqlValCtx, Object src, String procedure, Boolean bCheck)
   在 Oracle.DataAccess.Client.OracleException.HandleError(Int32 errCode, OracleConnection conn, String procedure, IntPtr opsErrCtx, OpoSqlValCtx* pOpoSqlValCtx, Object src, Boolean bCheck)
   在 Oracle.DataAccess.Client.OracleCommand.ExecuteNonQuery()
   在 DataOperator.OracleDBO.ExecuteNonQuery(String ExOracle, OracleCmdParam[] MyCmdParam) 位置 c:\Users\hp\Desktop\WebService\DataOperator\OracleDBO.cs:行号 386

**********************************************************************

错误时间 : 2019-01-18 11:11:56
错误对象 : Oracle Data Provider for .NET
异常方法 : Void HandleErrorHelper(Int32, Oracle.DataAccess.Client.OracleConnection, IntPtr, Oracle.DataAccess.Client.OpoSqlValCtx*, System.Object, System.String, Boolean)
错误信息 : ORA-00933: SQL 命令未正确结束
堆栈内容 : 
   在 Oracle.DataAccess.Client.OracleException.HandleErrorHelper(Int32 errCode, OracleConnection conn, IntPtr opsErrCtx, OpoSqlValCtx* pOpoSqlValCtx, Object src, String procedure, Boolean bCheck)
   在 Oracle.DataAccess.Client.OracleException.HandleError(Int32 errCode, OracleConnection conn, String procedure, IntPtr opsErrCtx, OpoSqlValCtx* pOpoSqlValCtx, Object src, Boolean bCheck)
   在 Oracle.DataAccess.Client.OracleCommand.ExecuteNonQuery()
   在 DataOperator.OracleDBO.ExecuteNonQuery(String ExOracle, OracleCmdParam[] MyCmdParam) 位置 c:\Users\hp\Desktop\WebService\DataOperator\OracleDBO.cs:行号 386

**********************************************************************

错误时间 : 2019-01-18 11:12:15
错误对象 : Oracle Data Provider for .NET
异常方法 : Void HandleErrorHelper(Int32, Oracle.DataAccess.Client.OracleConnection, IntPtr, Oracle.DataAccess.Client.OpoSqlValCtx*, System.Object, System.String, Boolean)
错误信息 : ORA-00936: 缺失表达式
堆栈内容 : 
   在 Oracle.DataAccess.Client.OracleException.HandleErrorHelper(Int32 errCode, OracleConnection conn, IntPtr opsErrCtx, OpoSqlValCtx* pOpoSqlValCtx, Object src, String procedure, Boolean bCheck)
   在 Oracle.DataAccess.Client.OracleException.HandleError(Int32 errCode, OracleConnection conn, String procedure, IntPtr opsErrCtx, OpoSqlValCtx* pOpoSqlValCtx, Object src, Boolean bCheck)
   在 Oracle.DataAccess.Client.OracleCommand.ExecuteNonQuery()
   在 DataOperator.OracleDBO.ExecuteNonQuery(String ExOracle, OracleCmdParam[] MyCmdParam) 位置 c:\Users\hp\Desktop\WebService\DataOperator\OracleDBO.cs:行号 386

**********************************************************************

错误时间 : 2019-01-18 11:13:35
错误对象 : Oracle Data Provider for .NET
异常方法 : Void HandleErrorHelper(Int32, Oracle.DataAccess.Client.OracleConnection, IntPtr, Oracle.DataAccess.Client.OpoSqlValCtx*, System.Object, System.String, Boolean)
错误信息 : ORA-00936: 缺失表达式
堆栈内容 : 
   在 Oracle.DataAccess.Client.OracleException.HandleErrorHelper(Int32 errCode, OracleConnection conn, IntPtr opsErrCtx, OpoSqlValCtx* pOpoSqlValCtx, Object src, String procedure, Boolean bCheck)
   在 Oracle.DataAccess.Client.OracleException.HandleError(Int32 errCode, OracleConnection conn, String procedure, IntPtr opsErrCtx, OpoSqlValCtx* pOpoSqlValCtx, Object src, Boolean bCheck)
   在 Oracle.DataAccess.Client.OracleCommand.ExecuteNonQuery()
   在 DataOperator.OracleDBO.ExecuteNonQuery(String ExOracle, OracleCmdParam[] MyCmdParam) 位置 c:\Users\hp\Desktop\WebService\DataOperator\OracleDBO.cs:行号 386

**********************************************************************

错误时间 : 2019-01-18 11:18:21
错误对象 : Oracle Data Provider for .NET
异常方法 : Void HandleErrorHelper(Int32, Oracle.DataAccess.Client.OracleConnection, IntPtr, Oracle.DataAccess.Client.OpoSqlValCtx*, System.Object, System.String, Boolean)
错误信息 : ORA-00933: SQL 命令未正确结束
堆栈内容 : 
   在 Oracle.DataAccess.Client.OracleException.HandleErrorHelper(Int32 errCode, OracleConnection conn, IntPtr opsErrCtx, OpoSqlValCtx* pOpoSqlValCtx, Object src, String procedure, Boolean bCheck)
   在 Oracle.DataAccess.Client.OracleException.HandleError(Int32 errCode, OracleConnection conn, String procedure, IntPtr opsErrCtx, OpoSqlValCtx* pOpoSqlValCtx, Object src, Boolean bCheck)
   在 Oracle.DataAccess.Client.OracleCommand.ExecuteNonQuery()
   在 DataOperator.OracleDBO.ExecuteNonQuery(String ExOracle, OracleCmdParam[] MyCmdParam) 位置 c:\Users\hp\Desktop\WebService\DataOperator\OracleDBO.cs:行号 386

**********************************************************************

错误时间 : 2019-01-18 11:19:02
错误对象 : Oracle Data Provider for .NET
异常方法 : Void HandleErrorHelper(Int32, Oracle.DataAccess.Client.OracleConnection, IntPtr, Oracle.DataAccess.Client.OpoSqlValCtx*, System.Object, System.String, Boolean)
错误信息 : ORA-00933: SQL 命令未正确结束
堆栈内容 : 
   在 Oracle.DataAccess.Client.OracleException.HandleErrorHelper(Int32 errCode, OracleConnection conn, IntPtr opsErrCtx, OpoSqlValCtx* pOpoSqlValCtx, Object src, String procedure, Boolean bCheck)
   在 Oracle.DataAccess.Client.OracleException.HandleError(Int32 errCode, OracleConnection conn, String procedure, IntPtr opsErrCtx, OpoSqlValCtx* pOpoSqlValCtx, Object src, Boolean bCheck)
   在 Oracle.DataAccess.Client.OracleCommand.ExecuteNonQuery()
   在 DataOperator.OracleDBO.ExecuteNonQuery(String ExOracle, OracleCmdParam[] MyCmdParam) 位置 c:\Users\hp\Desktop\WebService\DataOperator\OracleDBO.cs:行号 386

**********************************************************************

错误时间 : 2019-01-18 11:19:04
错误对象 : Oracle Data Provider for .NET
异常方法 : Void HandleErrorHelper(Int32, Oracle.DataAccess.Client.OracleConnection, IntPtr, Oracle.DataAccess.Client.OpoSqlValCtx*, System.Object, System.String, Boolean)
错误信息 : ORA-00933: SQL 命令未正确结束
堆栈内容 : 
   在 Oracle.DataAccess.Client.OracleException.HandleErrorHelper(Int32 errCode, OracleConnection conn, IntPtr opsErrCtx, OpoSqlValCtx* pOpoSqlValCtx, Object src, String procedure, Boolean bCheck)
   在 Oracle.DataAccess.Client.OracleException.HandleError(Int32 errCode, OracleConnection conn, String procedure, IntPtr opsErrCtx, OpoSqlValCtx* pOpoSqlValCtx, Object src, Boolean bCheck)
   在 Oracle.DataAccess.Client.OracleCommand.ExecuteNonQuery()
   在 DataOperator.OracleDBO.ExecuteNonQuery(String ExOracle, OracleCmdParam[] MyCmdParam) 位置 c:\Users\hp\Desktop\WebService\DataOperator\OracleDBO.cs:行号 386

**********************************************************************

错误时间 : 2019-01-18 11:24:03
错误对象 : Oracle Data Provider for .NET
异常方法 : Void HandleErrorHelper(Int32, Oracle.DataAccess.Client.OracleConnection, IntPtr, Oracle.DataAccess.Client.OpoSqlValCtx*, System.Object, System.String, Boolean)
错误信息 : ORA-01036: 非法的变量名/编号
堆栈内容 : 
   在 Oracle.DataAccess.Client.OracleException.HandleErrorHelper(Int32 errCode, OracleConnection conn, IntPtr opsErrCtx, OpoSqlValCtx* pOpoSqlValCtx, Object src, String procedure, Boolean bCheck)
   在 Oracle.DataAccess.Client.OracleException.HandleError(Int32 errCode, OracleConnection conn, String procedure, IntPtr opsErrCtx, OpoSqlValCtx* pOpoSqlValCtx, Object src, Boolean bCheck)
   在 Oracle.DataAccess.Client.OracleCommand.ExecuteNonQuery()
   在 DataOperator.OracleDBO.ExecuteNonQuery(String ExOracle, OracleCmdParam[] MyCmdParam) 位置 c:\Users\hp\Desktop\WebService\DataOperator\OracleDBO.cs:行号 386

**********************************************************************

错误时间 : 2019-01-18 11:24:07
错误对象 : Oracle Data Provider for .NET
异常方法 : Void HandleErrorHelper(Int32, Oracle.DataAccess.Client.OracleConnection, IntPtr, Oracle.DataAccess.Client.OpoSqlValCtx*, System.Object, System.String, Boolean)
错误信息 : ORA-01036: 非法的变量名/编号
堆栈内容 : 
   在 Oracle.DataAccess.Client.OracleException.HandleErrorHelper(Int32 errCode, OracleConnection conn, IntPtr opsErrCtx, OpoSqlValCtx* pOpoSqlValCtx, Object src, String procedure, Boolean bCheck)
   在 Oracle.DataAccess.Client.OracleException.HandleError(Int32 errCode, OracleConnection conn, String procedure, IntPtr opsErrCtx, OpoSqlValCtx* pOpoSqlValCtx, Object src, Boolean bCheck)
   在 Oracle.DataAccess.Client.OracleCommand.ExecuteNonQuery()
   在 DataOperator.OracleDBO.ExecuteNonQuery(String ExOracle, OracleCmdParam[] MyCmdParam) 位置 c:\Users\hp\Desktop\WebService\DataOperator\OracleDBO.cs:行号 386

**********************************************************************

错误时间 : 2019-01-18 11:25:18
错误对象 : Oracle Data Provider for .NET
异常方法 : Void HandleErrorHelper(Int32, Oracle.DataAccess.Client.OracleConnection, IntPtr, Oracle.DataAccess.Client.OpoSqlValCtx*, System.Object, System.String, Boolean)
错误信息 : ORA-01036: 非法的变量名/编号
堆栈内容 : 
   在 Oracle.DataAccess.Client.OracleException.HandleErrorHelper(Int32 errCode, OracleConnection conn, IntPtr opsErrCtx, OpoSqlValCtx* pOpoSqlValCtx, Object src, String procedure, Boolean bCheck)
   在 Oracle.DataAccess.Client.OracleException.HandleError(Int32 errCode, OracleConnection conn, String procedure, IntPtr opsErrCtx, OpoSqlValCtx* pOpoSqlValCtx, Object src, Boolean bCheck)
   在 Oracle.DataAccess.Client.OracleCommand.ExecuteNonQuery()
   在 DataOperator.OracleDBO.ExecuteNonQuery(String ExOracle, OracleCmdParam[] MyCmdParam) 位置 c:\Users\hp\Desktop\WebService\DataOperator\OracleDBO.cs:行号 386

**********************************************************************

错误时间 : 2019-01-18 11:25:20
错误对象 : Oracle Data Provider for .NET
异常方法 : Void HandleErrorHelper(Int32, Oracle.DataAccess.Client.OracleConnection, IntPtr, Oracle.DataAccess.Client.OpoSqlValCtx*, System.Object, System.String, Boolean)
错误信息 : ORA-01036: 非法的变量名/编号
堆栈内容 : 
   在 Oracle.DataAccess.Client.OracleException.HandleErrorHelper(Int32 errCode, OracleConnection conn, IntPtr opsErrCtx, OpoSqlValCtx* pOpoSqlValCtx, Object src, String procedure, Boolean bCheck)
   在 Oracle.DataAccess.Client.OracleException.HandleError(Int32 errCode, OracleConnection conn, String procedure, IntPtr opsErrCtx, OpoSqlValCtx* pOpoSqlValCtx, Object src, Boolean bCheck)
   在 Oracle.DataAccess.Client.OracleCommand.ExecuteNonQuery()
   在 DataOperator.OracleDBO.ExecuteNonQuery(String ExOracle, OracleCmdParam[] MyCmdParam) 位置 c:\Users\hp\Desktop\WebService\DataOperator\OracleDBO.cs:行号 386

**********************************************************************

错误时间 : 2019-01-18 11:26:59
错误对象 : Oracle Data Provider for .NET
异常方法 : Void HandleErrorHelper(Int32, Oracle.DataAccess.Client.OracleConnection, IntPtr, Oracle.DataAccess.Client.OpoSqlValCtx*, System.Object, System.String, Boolean)
错误信息 : ORA-01036: 非法的变量名/编号
堆栈内容 : 
   在 Oracle.DataAccess.Client.OracleException.HandleErrorHelper(Int32 errCode, OracleConnection conn, IntPtr opsErrCtx, OpoSqlValCtx* pOpoSqlValCtx, Object src, String procedure, Boolean bCheck)
   在 Oracle.DataAccess.Client.OracleException.HandleError(Int32 errCode, OracleConnection conn, String procedure, IntPtr opsErrCtx, OpoSqlValCtx* pOpoSqlValCtx, Object src, Boolean bCheck)
   在 Oracle.DataAccess.Client.OracleCommand.ExecuteNonQuery()
   在 DataOperator.OracleDBO.ExecuteNonQuery(String ExOracle, OracleCmdParam[] MyCmdParam) 位置 c:\Users\hp\Desktop\WebService\DataOperator\OracleDBO.cs:行号 386

**********************************************************************

错误时间 : 2019-01-18 11:27:02
错误对象 : Oracle Data Provider for .NET
异常方法 : Void HandleErrorHelper(Int32, Oracle.DataAccess.Client.OracleConnection, IntPtr, Oracle.DataAccess.Client.OpoSqlValCtx*, System.Object, System.String, Boolean)
错误信息 : ORA-01036: 非法的变量名/编号
堆栈内容 : 
   在 Oracle.DataAccess.Client.OracleException.HandleErrorHelper(Int32 errCode, OracleConnection conn, IntPtr opsErrCtx, OpoSqlValCtx* pOpoSqlValCtx, Object src, String procedure, Boolean bCheck)
   在 Oracle.DataAccess.Client.OracleException.HandleError(Int32 errCode, OracleConnection conn, String procedure, IntPtr opsErrCtx, OpoSqlValCtx* pOpoSqlValCtx, Object src, Boolean bCheck)
   在 Oracle.DataAccess.Client.OracleCommand.ExecuteNonQuery()
   在 DataOperator.OracleDBO.ExecuteNonQuery(String ExOracle, OracleCmdParam[] MyCmdParam) 位置 c:\Users\hp\Desktop\WebService\DataOperator\OracleDBO.cs:行号 386

**********************************************************************

错误时间 : 2019-01-18 11:28:13
错误对象 : Oracle Data Provider for .NET
异常方法 : Void HandleErrorHelper(Int32, Oracle.DataAccess.Client.OracleConnection, IntPtr, Oracle.DataAccess.Client.OpoSqlValCtx*, System.Object, System.String, Boolean)
错误信息 : ORA-01036: 非法的变量名/编号
堆栈内容 : 
   在 Oracle.DataAccess.Client.OracleException.HandleErrorHelper(Int32 errCode, OracleConnection conn, IntPtr opsErrCtx, OpoSqlValCtx* pOpoSqlValCtx, Object src, String procedure, Boolean bCheck)
   在 Oracle.DataAccess.Client.OracleException.HandleError(Int32 errCode, OracleConnection conn, String procedure, IntPtr opsErrCtx, OpoSqlValCtx* pOpoSqlValCtx, Object src, Boolean bCheck)
   在 Oracle.DataAccess.Client.OracleCommand.ExecuteNonQuery()
   在 DataOperator.OracleDBO.ExecuteNonQuery(String ExOracle, OracleCmdParam[] MyCmdParam) 位置 c:\Users\hp\Desktop\WebService\DataOperator\OracleDBO.cs:行号 386

**********************************************************************

错误时间 : 2019-01-18 11:31:52
错误对象 : Oracle Data Provider for .NET
异常方法 : Void HandleErrorHelper(Int32, Oracle.DataAccess.Client.OracleConnection, IntPtr, Oracle.DataAccess.Client.OpoSqlValCtx*, System.Object, System.String, Boolean)
错误信息 : ORA-01036: 非法的变量名/编号
堆栈内容 : 
   在 Oracle.DataAccess.Client.OracleException.HandleErrorHelper(Int32 errCode, OracleConnection conn, IntPtr opsErrCtx, OpoSqlValCtx* pOpoSqlValCtx, Object src, String procedure, Boolean bCheck)
   在 Oracle.DataAccess.Client.OracleException.HandleError(Int32 errCode, OracleConnection conn, String procedure, IntPtr opsErrCtx, OpoSqlValCtx* pOpoSqlValCtx, Object src, Boolean bCheck)
   在 Oracle.DataAccess.Client.OracleCommand.ExecuteNonQuery()
   在 DataOperator.OracleDBO.ExecuteNonQuery(String ExOracle, OracleCmdParam[] MyCmdParam) 位置 c:\Users\hp\Desktop\WebService\DataOperator\OracleDBO.cs:行号 386

**********************************************************************

错误时间 : 2019-01-18 11:31:54
错误对象 : Oracle Data Provider for .NET
异常方法 : Void HandleErrorHelper(Int32, Oracle.DataAccess.Client.OracleConnection, IntPtr, Oracle.DataAccess.Client.OpoSqlValCtx*, System.Object, System.String, Boolean)
错误信息 : ORA-01036: 非法的变量名/编号
堆栈内容 : 
   在 Oracle.DataAccess.Client.OracleException.HandleErrorHelper(Int32 errCode, OracleConnection conn, IntPtr opsErrCtx, OpoSqlValCtx* pOpoSqlValCtx, Object src, String procedure, Boolean bCheck)
   在 Oracle.DataAccess.Client.OracleException.HandleError(Int32 errCode, OracleConnection conn, String procedure, IntPtr opsErrCtx, OpoSqlValCtx* pOpoSqlValCtx, Object src, Boolean bCheck)
   在 Oracle.DataAccess.Client.OracleCommand.ExecuteNonQuery()
   在 DataOperator.OracleDBO.ExecuteNonQuery(String ExOracle, OracleCmdParam[] MyCmdParam) 位置 c:\Users\hp\Desktop\WebService\DataOperator\OracleDBO.cs:行号 386

**********************************************************************

错误时间 : 2019-01-18 11:35:19
错误对象 : Oracle Data Provider for .NET
异常方法 : Void HandleErrorHelper(Int32, Oracle.DataAccess.Client.OracleConnection, IntPtr, Oracle.DataAccess.Client.OpoSqlValCtx*, System.Object, System.String, Boolean)
错误信息 : ORA-01036: 非法的变量名/编号
堆栈内容 : 
   在 Oracle.DataAccess.Client.OracleException.HandleErrorHelper(Int32 errCode, OracleConnection conn, IntPtr opsErrCtx, OpoSqlValCtx* pOpoSqlValCtx, Object src, String procedure, Boolean bCheck)
   在 Oracle.DataAccess.Client.OracleException.HandleError(Int32 errCode, OracleConnection conn, String procedure, IntPtr opsErrCtx, OpoSqlValCtx* pOpoSqlValCtx, Object src, Boolean bCheck)
   在 Oracle.DataAccess.Client.OracleCommand.ExecuteNonQuery()
   在 DataOperator.OracleDBO.ExecuteNonQuery(String ExOracle, OracleCmdParam[] MyCmdParam) 位置 c:\Users\hp\Desktop\WebService\DataOperator\OracleDBO.cs:行号 386

**********************************************************************

错误时间 : 2019-01-18 11:35:21
错误对象 : Oracle Data Provider for .NET
异常方法 : Void HandleErrorHelper(Int32, Oracle.DataAccess.Client.OracleConnection, IntPtr, Oracle.DataAccess.Client.OpoSqlValCtx*, System.Object, System.String, Boolean)
错误信息 : ORA-01036: 非法的变量名/编号
堆栈内容 : 
   在 Oracle.DataAccess.Client.OracleException.HandleErrorHelper(Int32 errCode, OracleConnection conn, IntPtr opsErrCtx, OpoSqlValCtx* pOpoSqlValCtx, Object src, String procedure, Boolean bCheck)
   在 Oracle.DataAccess.Client.OracleException.HandleError(Int32 errCode, OracleConnection conn, String procedure, IntPtr opsErrCtx, OpoSqlValCtx* pOpoSqlValCtx, Object src, Boolean bCheck)
   在 Oracle.DataAccess.Client.OracleCommand.ExecuteNonQuery()
   在 DataOperator.OracleDBO.ExecuteNonQuery(String ExOracle, OracleCmdParam[] MyCmdParam) 位置 c:\Users\hp\Desktop\WebService\DataOperator\OracleDBO.cs:行号 386

**********************************************************************

错误时间 : 2019-01-18 11:35:52
错误对象 : Oracle Data Provider for .NET
异常方法 : Void HandleErrorHelper(Int32, Oracle.DataAccess.Client.OracleConnection, IntPtr, Oracle.DataAccess.Client.OpoSqlValCtx*, System.Object, System.String, Boolean)
错误信息 : ORA-01036: 非法的变量名/编号
堆栈内容 : 
   在 Oracle.DataAccess.Client.OracleException.HandleErrorHelper(Int32 errCode, OracleConnection conn, IntPtr opsErrCtx, OpoSqlValCtx* pOpoSqlValCtx, Object src, String procedure, Boolean bCheck)
   在 Oracle.DataAccess.Client.OracleException.HandleError(Int32 errCode, OracleConnection conn, String procedure, IntPtr opsErrCtx, OpoSqlValCtx* pOpoSqlValCtx, Object src, Boolean bCheck)
   在 Oracle.DataAccess.Client.OracleCommand.ExecuteNonQuery()
   在 DataOperator.OracleDBO.ExecuteNonQuery(String ExOracle, OracleCmdParam[] MyCmdParam) 位置 c:\Users\hp\Desktop\WebService\DataOperator\OracleDBO.cs:行号 386

**********************************************************************

错误时间 : 2019-01-18 11:35:56
错误对象 : Oracle Data Provider for .NET
异常方法 : Void HandleErrorHelper(Int32, Oracle.DataAccess.Client.OracleConnection, IntPtr, Oracle.DataAccess.Client.OpoSqlValCtx*, System.Object, System.String, Boolean)
错误信息 : ORA-01036: 非法的变量名/编号
堆栈内容 : 
   在 Oracle.DataAccess.Client.OracleException.HandleErrorHelper(Int32 errCode, OracleConnection conn, IntPtr opsErrCtx, OpoSqlValCtx* pOpoSqlValCtx, Object src, String procedure, Boolean bCheck)
   在 Oracle.DataAccess.Client.OracleException.HandleError(Int32 errCode, OracleConnection conn, String procedure, IntPtr opsErrCtx, OpoSqlValCtx* pOpoSqlValCtx, Object src, Boolean bCheck)
   在 Oracle.DataAccess.Client.OracleCommand.ExecuteNonQuery()
   在 DataOperator.OracleDBO.ExecuteNonQuery(String ExOracle, OracleCmdParam[] MyCmdParam) 位置 c:\Users\hp\Desktop\WebService\DataOperator\OracleDBO.cs:行号 386

**********************************************************************

错误时间 : 2019-01-18 11:36:52
错误对象 : Oracle Data Provider for .NET
异常方法 : Void HandleErrorHelper(Int32, Oracle.DataAccess.Client.OracleConnection, IntPtr, Oracle.DataAccess.Client.OpoSqlValCtx*, System.Object, System.String, Boolean)
错误信息 : ORA-01036: 非法的变量名/编号
堆栈内容 : 
   在 Oracle.DataAccess.Client.OracleException.HandleErrorHelper(Int32 errCode, OracleConnection conn, IntPtr opsErrCtx, OpoSqlValCtx* pOpoSqlValCtx, Object src, String procedure, Boolean bCheck)
   在 Oracle.DataAccess.Client.OracleException.HandleError(Int32 errCode, OracleConnection conn, String procedure, IntPtr opsErrCtx, OpoSqlValCtx* pOpoSqlValCtx, Object src, Boolean bCheck)
   在 Oracle.DataAccess.Client.OracleCommand.ExecuteNonQuery()
   在 DataOperator.OracleDBO.ExecuteNonQuery(String ExOracle, OracleCmdParam[] MyCmdParam) 位置 c:\Users\hp\Desktop\WebService\DataOperator\OracleDBO.cs:行号 386

**********************************************************************

错误时间 : 2019-01-18 11:36:55
错误对象 : Oracle Data Provider for .NET
异常方法 : Void HandleErrorHelper(Int32, Oracle.DataAccess.Client.OracleConnection, IntPtr, Oracle.DataAccess.Client.OpoSqlValCtx*, System.Object, System.String, Boolean)
错误信息 : ORA-01036: 非法的变量名/编号
堆栈内容 : 
   在 Oracle.DataAccess.Client.OracleException.HandleErrorHelper(Int32 errCode, OracleConnection conn, IntPtr opsErrCtx, OpoSqlValCtx* pOpoSqlValCtx, Object src, String procedure, Boolean bCheck)
   在 Oracle.DataAccess.Client.OracleException.HandleError(Int32 errCode, OracleConnection conn, String procedure, IntPtr opsErrCtx, OpoSqlValCtx* pOpoSqlValCtx, Object src, Boolean bCheck)
   在 Oracle.DataAccess.Client.OracleCommand.ExecuteNonQuery()
   在 DataOperator.OracleDBO.ExecuteNonQuery(String ExOracle, OracleCmdParam[] MyCmdParam) 位置 c:\Users\hp\Desktop\WebService\DataOperator\OracleDBO.cs:行号 386

**********************************************************************

错误时间 : 2019-01-18 11:36:57
错误对象 : Oracle Data Provider for .NET
异常方法 : Void HandleErrorHelper(Int32, Oracle.DataAccess.Client.OracleConnection, IntPtr, Oracle.DataAccess.Client.OpoSqlValCtx*, System.Object, System.String, Boolean)
错误信息 : ORA-01036: 非法的变量名/编号
堆栈内容 : 
   在 Oracle.DataAccess.Client.OracleException.HandleErrorHelper(Int32 errCode, OracleConnection conn, IntPtr opsErrCtx, OpoSqlValCtx* pOpoSqlValCtx, Object src, String procedure, Boolean bCheck)
   在 Oracle.DataAccess.Client.OracleException.HandleError(Int32 errCode, OracleConnection conn, String procedure, IntPtr opsErrCtx, OpoSqlValCtx* pOpoSqlValCtx, Object src, Boolean bCheck)
   在 Oracle.DataAccess.Client.OracleCommand.ExecuteNonQuery()
   在 DataOperator.OracleDBO.ExecuteNonQuery(String ExOracle, OracleCmdParam[] MyCmdParam) 位置 c:\Users\hp\Desktop\WebService\DataOperator\OracleDBO.cs:行号 386

**********************************************************************

错误时间 : 2019-01-18 11:37:15
错误对象 : Oracle Data Provider for .NET
异常方法 : Void HandleErrorHelper(Int32, Oracle.DataAccess.Client.OracleConnection, IntPtr, Oracle.DataAccess.Client.OpoSqlValCtx*, System.Object, System.String, Boolean)
错误信息 : ORA-01036: 非法的变量名/编号
堆栈内容 : 
   在 Oracle.DataAccess.Client.OracleException.HandleErrorHelper(Int32 errCode, OracleConnection conn, IntPtr opsErrCtx, OpoSqlValCtx* pOpoSqlValCtx, Object src, String procedure, Boolean bCheck)
   在 Oracle.DataAccess.Client.OracleException.HandleError(Int32 errCode, OracleConnection conn, String procedure, IntPtr opsErrCtx, OpoSqlValCtx* pOpoSqlValCtx, Object src, Boolean bCheck)
   在 Oracle.DataAccess.Client.OracleCommand.ExecuteNonQuery()
   在 DataOperator.OracleDBO.ExecuteNonQuery(String ExOracle, OracleCmdParam[] MyCmdParam) 位置 c:\Users\hp\Desktop\WebService\DataOperator\OracleDBO.cs:行号 386

**********************************************************************

错误时间 : 2019-01-18 11:37:18
错误对象 : Oracle Data Provider for .NET
异常方法 : Void HandleErrorHelper(Int32, Oracle.DataAccess.Client.OracleConnection, IntPtr, Oracle.DataAccess.Client.OpoSqlValCtx*, System.Object, System.String, Boolean)
错误信息 : ORA-01036: 非法的变量名/编号
堆栈内容 : 
   在 Oracle.DataAccess.Client.OracleException.HandleErrorHelper(Int32 errCode, OracleConnection conn, IntPtr opsErrCtx, OpoSqlValCtx* pOpoSqlValCtx, Object src, String procedure, Boolean bCheck)
   在 Oracle.DataAccess.Client.OracleException.HandleError(Int32 errCode, OracleConnection conn, String procedure, IntPtr opsErrCtx, OpoSqlValCtx* pOpoSqlValCtx, Object src, Boolean bCheck)
   在 Oracle.DataAccess.Client.OracleCommand.ExecuteNonQuery()
   在 DataOperator.OracleDBO.ExecuteNonQuery(String ExOracle, OracleCmdParam[] MyCmdParam) 位置 c:\Users\hp\Desktop\WebService\DataOperator\OracleDBO.cs:行号 386

**********************************************************************

