错误时间 : 2019-02-18 08:06:46
错误对象 : Oracle Data Provider for .NET
异常方法 : Void HandleErrorHelper(Int32, Oracle.DataAccess.Client.OracleConnection, IntPtr, Oracle.DataAccess.Client.OpoSqlValCtx*, System.Object, System.String, Boolean)
错误信息 : ORA-12541: TNS: 无监听程序
堆栈内容 : 
   在 Oracle.DataAccess.Client.OracleException.HandleErrorHelper(Int32 errCode, OracleConnection conn, IntPtr opsErrCtx, OpoSqlValCtx* pOpoSqlValCtx, Object src, String procedure, Boolean bCheck)
   在 Oracle.DataAccess.Client.OracleException.HandleError(Int32 errCode, OracleConnection conn, IntPtr opsErrCtx, Object src)
   在 Oracle.DataAccess.Client.OracleConnection.Open()
   在 DataOperator.OracleDBO.Open() 位置 c:\Users\hp\Desktop\WebService\DataOperator\OracleDBO.cs:行号 167

**********************************************************************

错误时间 : 2019-02-18 08:06:48
错误对象 : Oracle Data Provider for .NET
异常方法 : Void HandleErrorHelper(Int32, Oracle.DataAccess.Client.OracleConnection, IntPtr, Oracle.DataAccess.Client.OpoSqlValCtx*, System.Object, System.String, Boolean)
错误信息 : ORA-12541: TNS: 无监听程序
堆栈内容 : 
   在 Oracle.DataAccess.Client.OracleException.HandleErrorHelper(Int32 errCode, OracleConnection conn, IntPtr opsErrCtx, OpoSqlValCtx* pOpoSqlValCtx, Object src, String procedure, Boolean bCheck)
   在 Oracle.DataAccess.Client.OracleException.HandleError(Int32 errCode, OracleConnection conn, IntPtr opsErrCtx, Object src)
   在 Oracle.DataAccess.Client.OracleConnection.Open()
   在 DataOperator.OracleDBO.Open() 位置 c:\Users\hp\Desktop\WebService\DataOperator\OracleDBO.cs:行号 167

**********************************************************************

错误时间 : 2019-02-18 08:06:50
错误对象 : Oracle Data Provider for .NET
异常方法 : Void HandleErrorHelper(Int32, Oracle.DataAccess.Client.OracleConnection, IntPtr, Oracle.DataAccess.Client.OpoSqlValCtx*, System.Object, System.String, Boolean)
错误信息 : ORA-12541: TNS: 无监听程序
堆栈内容 : 
   在 Oracle.DataAccess.Client.OracleException.HandleErrorHelper(Int32 errCode, OracleConnection conn, IntPtr opsErrCtx, OpoSqlValCtx* pOpoSqlValCtx, Object src, String procedure, Boolean bCheck)
   在 Oracle.DataAccess.Client.OracleException.HandleError(Int32 errCode, OracleConnection conn, IntPtr opsErrCtx, Object src)
   在 Oracle.DataAccess.Client.OracleConnection.Open()
   在 DataOperator.OracleDBO.Open() 位置 c:\Users\hp\Desktop\WebService\DataOperator\OracleDBO.cs:行号 167

**********************************************************************

错误时间 : 2019-02-18 08:06:53
错误对象 : Oracle Data Provider for .NET
异常方法 : Void HandleErrorHelper(Int32, Oracle.DataAccess.Client.OracleConnection, IntPtr, Oracle.DataAccess.Client.OpoSqlValCtx*, System.Object, System.String, Boolean)
错误信息 : ORA-12541: TNS: 无监听程序
堆栈内容 : 
   在 Oracle.DataAccess.Client.OracleException.HandleErrorHelper(Int32 errCode, OracleConnection conn, IntPtr opsErrCtx, OpoSqlValCtx* pOpoSqlValCtx, Object src, String procedure, Boolean bCheck)
   在 Oracle.DataAccess.Client.OracleException.HandleError(Int32 errCode, OracleConnection conn, IntPtr opsErrCtx, Object src)
   在 Oracle.DataAccess.Client.OracleConnection.Open()
   在 DataOperator.OracleDBO.Open() 位置 c:\Users\hp\Desktop\WebService\DataOperator\OracleDBO.cs:行号 167

**********************************************************************

错误时间 : 2019-02-18 08:06:53
错误对象 : Oracle Data Provider for .NET
异常方法 : Void HandleErrorHelper(Int32, Oracle.DataAccess.Client.OracleConnection, IntPtr, Oracle.DataAccess.Client.OpoSqlValCtx*, System.Object, System.String, Boolean)
错误信息 : ORA-12541: TNS: 无监听程序
堆栈内容 : 
   在 DataOperator.OracleDBO.HandelException(Exception ex) 位置 c:\Users\hp\Desktop\WebService\DataOperator\OracleDBO.cs:行号 123
   在 DataOperator.OracleDBO.Open() 位置 c:\Users\hp\Desktop\WebService\DataOperator\OracleDBO.cs:行号 176
   在 DataOperator.OracleDBO.GetDataAdapter(String ExOracle, OracleCmdParam[] MyCmdParam) 位置 c:\Users\hp\Desktop\WebService\DataOperator\OracleDBO.cs:行号 526
   在 DataOperator.OracleDBO.GetDataTable(String ExOracle, OracleCmdParam[] MyCmdParam) 位置 c:\Users\hp\Desktop\WebService\DataOperator\OracleDBO.cs:行号 761

**********************************************************************

错误时间 : 2019-02-18 08:06:55
错误对象 : Oracle Data Provider for .NET
异常方法 : Void HandleErrorHelper(Int32, Oracle.DataAccess.Client.OracleConnection, IntPtr, Oracle.DataAccess.Client.OpoSqlValCtx*, System.Object, System.String, Boolean)
错误信息 : ORA-12541: TNS: 无监听程序
堆栈内容 : 
   在 Oracle.DataAccess.Client.OracleException.HandleErrorHelper(Int32 errCode, OracleConnection conn, IntPtr opsErrCtx, OpoSqlValCtx* pOpoSqlValCtx, Object src, String procedure, Boolean bCheck)
   在 Oracle.DataAccess.Client.OracleException.HandleError(Int32 errCode, OracleConnection conn, IntPtr opsErrCtx, Object src)
   在 Oracle.DataAccess.Client.OracleConnection.Open()
   在 DataOperator.OracleDBO.Open() 位置 c:\Users\hp\Desktop\WebService\DataOperator\OracleDBO.cs:行号 167

**********************************************************************

错误时间 : 2019-02-18 08:06:57
错误对象 : Oracle Data Provider for .NET
异常方法 : Void HandleErrorHelper(Int32, Oracle.DataAccess.Client.OracleConnection, IntPtr, Oracle.DataAccess.Client.OpoSqlValCtx*, System.Object, System.String, Boolean)
错误信息 : ORA-12541: TNS: 无监听程序
堆栈内容 : 
   在 Oracle.DataAccess.Client.OracleException.HandleErrorHelper(Int32 errCode, OracleConnection conn, IntPtr opsErrCtx, OpoSqlValCtx* pOpoSqlValCtx, Object src, String procedure, Boolean bCheck)
   在 Oracle.DataAccess.Client.OracleException.HandleError(Int32 errCode, OracleConnection conn, IntPtr opsErrCtx, Object src)
   在 Oracle.DataAccess.Client.OracleConnection.Open()
   在 DataOperator.OracleDBO.Open() 位置 c:\Users\hp\Desktop\WebService\DataOperator\OracleDBO.cs:行号 167

**********************************************************************

错误时间 : 2019-02-18 08:06:59
错误对象 : Oracle Data Provider for .NET
异常方法 : Void HandleErrorHelper(Int32, Oracle.DataAccess.Client.OracleConnection, IntPtr, Oracle.DataAccess.Client.OpoSqlValCtx*, System.Object, System.String, Boolean)
错误信息 : ORA-12541: TNS: 无监听程序
堆栈内容 : 
   在 Oracle.DataAccess.Client.OracleException.HandleErrorHelper(Int32 errCode, OracleConnection conn, IntPtr opsErrCtx, OpoSqlValCtx* pOpoSqlValCtx, Object src, String procedure, Boolean bCheck)
   在 Oracle.DataAccess.Client.OracleException.HandleError(Int32 errCode, OracleConnection conn, IntPtr opsErrCtx, Object src)
   在 Oracle.DataAccess.Client.OracleConnection.Open()
   在 DataOperator.OracleDBO.Open() 位置 c:\Users\hp\Desktop\WebService\DataOperator\OracleDBO.cs:行号 167

**********************************************************************

错误时间 : 2019-02-18 08:07:02
错误对象 : Oracle Data Provider for .NET
异常方法 : Void HandleErrorHelper(Int32, Oracle.DataAccess.Client.OracleConnection, IntPtr, Oracle.DataAccess.Client.OpoSqlValCtx*, System.Object, System.String, Boolean)
错误信息 : ORA-12541: TNS: 无监听程序
堆栈内容 : 
   在 Oracle.DataAccess.Client.OracleException.HandleErrorHelper(Int32 errCode, OracleConnection conn, IntPtr opsErrCtx, OpoSqlValCtx* pOpoSqlValCtx, Object src, String procedure, Boolean bCheck)
   在 Oracle.DataAccess.Client.OracleException.HandleError(Int32 errCode, OracleConnection conn, IntPtr opsErrCtx, Object src)
   在 Oracle.DataAccess.Client.OracleConnection.Open()
   在 DataOperator.OracleDBO.Open() 位置 c:\Users\hp\Desktop\WebService\DataOperator\OracleDBO.cs:行号 167

**********************************************************************

错误时间 : 2019-02-18 08:07:04
错误对象 : Oracle Data Provider for .NET
异常方法 : Void HandleErrorHelper(Int32, Oracle.DataAccess.Client.OracleConnection, IntPtr, Oracle.DataAccess.Client.OpoSqlValCtx*, System.Object, System.String, Boolean)
错误信息 : ORA-12541: TNS: 无监听程序
堆栈内容 : 
   在 Oracle.DataAccess.Client.OracleException.HandleErrorHelper(Int32 errCode, OracleConnection conn, IntPtr opsErrCtx, OpoSqlValCtx* pOpoSqlValCtx, Object src, String procedure, Boolean bCheck)
   在 Oracle.DataAccess.Client.OracleException.HandleError(Int32 errCode, OracleConnection conn, IntPtr opsErrCtx, Object src)
   在 Oracle.DataAccess.Client.OracleConnection.Open()
   在 DataOperator.OracleDBO.Open() 位置 c:\Users\hp\Desktop\WebService\DataOperator\OracleDBO.cs:行号 167

**********************************************************************

错误时间 : 2019-02-18 08:07:04
错误对象 : Oracle Data Provider for .NET
异常方法 : Void HandleErrorHelper(Int32, Oracle.DataAccess.Client.OracleConnection, IntPtr, Oracle.DataAccess.Client.OpoSqlValCtx*, System.Object, System.String, Boolean)
错误信息 : ORA-12541: TNS: 无监听程序
堆栈内容 : 
   在 DataOperator.OracleDBO.HandelException(Exception ex) 位置 c:\Users\hp\Desktop\WebService\DataOperator\OracleDBO.cs:行号 123
   在 DataOperator.OracleDBO.Open() 位置 c:\Users\hp\Desktop\WebService\DataOperator\OracleDBO.cs:行号 176
   在 DataOperator.OracleDBO.GetDataAdapter(String ExOracle, OracleCmdParam[] MyCmdParam) 位置 c:\Users\hp\Desktop\WebService\DataOperator\OracleDBO.cs:行号 526
   在 DataOperator.OracleDBO.GetDataTable(String ExOracle, OracleCmdParam[] MyCmdParam) 位置 c:\Users\hp\Desktop\WebService\DataOperator\OracleDBO.cs:行号 761

**********************************************************************

错误时间 : 2019-02-18 08:07:06
错误对象 : Oracle Data Provider for .NET
异常方法 : Void HandleErrorHelper(Int32, Oracle.DataAccess.Client.OracleConnection, IntPtr, Oracle.DataAccess.Client.OpoSqlValCtx*, System.Object, System.String, Boolean)
错误信息 : ORA-12541: TNS: 无监听程序
堆栈内容 : 
   在 Oracle.DataAccess.Client.OracleException.HandleErrorHelper(Int32 errCode, OracleConnection conn, IntPtr opsErrCtx, OpoSqlValCtx* pOpoSqlValCtx, Object src, String procedure, Boolean bCheck)
   在 Oracle.DataAccess.Client.OracleException.HandleError(Int32 errCode, OracleConnection conn, IntPtr opsErrCtx, Object src)
   在 Oracle.DataAccess.Client.OracleConnection.Open()
   在 DataOperator.OracleDBO.Open() 位置 c:\Users\hp\Desktop\WebService\DataOperator\OracleDBO.cs:行号 167

**********************************************************************

错误时间 : 2019-02-18 08:07:06
错误对象 : Oracle Data Provider for .NET
异常方法 : Void HandleErrorHelper(Int32, Oracle.DataAccess.Client.OracleConnection, IntPtr, Oracle.DataAccess.Client.OpoSqlValCtx*, System.Object, System.String, Boolean)
错误信息 : ORA-12541: TNS: 无监听程序
堆栈内容 : 
   在 DataOperator.OracleDBO.HandelException(Exception ex) 位置 c:\Users\hp\Desktop\WebService\DataOperator\OracleDBO.cs:行号 123
   在 DataOperator.OracleDBO.Open() 位置 c:\Users\hp\Desktop\WebService\DataOperator\OracleDBO.cs:行号 176
   在 DataOperator.OracleDBO.GetDataAdapter(String ExOracle, OracleCmdParam[] MyCmdParam) 位置 c:\Users\hp\Desktop\WebService\DataOperator\OracleDBO.cs:行号 526
   在 DataOperator.OracleDBO.GetDataTable(String ExOracle, OracleCmdParam[] MyCmdParam) 位置 c:\Users\hp\Desktop\WebService\DataOperator\OracleDBO.cs:行号 761

**********************************************************************

错误时间 : 2019-02-18 08:07:08
错误对象 : Oracle Data Provider for .NET
异常方法 : Void HandleErrorHelper(Int32, Oracle.DataAccess.Client.OracleConnection, IntPtr, Oracle.DataAccess.Client.OpoSqlValCtx*, System.Object, System.String, Boolean)
错误信息 : ORA-12541: TNS: 无监听程序
堆栈内容 : 
   在 Oracle.DataAccess.Client.OracleException.HandleErrorHelper(Int32 errCode, OracleConnection conn, IntPtr opsErrCtx, OpoSqlValCtx* pOpoSqlValCtx, Object src, String procedure, Boolean bCheck)
   在 Oracle.DataAccess.Client.OracleException.HandleError(Int32 errCode, OracleConnection conn, IntPtr opsErrCtx, Object src)
   在 Oracle.DataAccess.Client.OracleConnection.Open()
   在 DataOperator.OracleDBO.Open() 位置 c:\Users\hp\Desktop\WebService\DataOperator\OracleDBO.cs:行号 167

**********************************************************************

错误时间 : 2019-02-18 08:07:10
错误对象 : Oracle Data Provider for .NET
异常方法 : Void HandleErrorHelper(Int32, Oracle.DataAccess.Client.OracleConnection, IntPtr, Oracle.DataAccess.Client.OpoSqlValCtx*, System.Object, System.String, Boolean)
错误信息 : ORA-12541: TNS: 无监听程序
堆栈内容 : 
   在 Oracle.DataAccess.Client.OracleException.HandleErrorHelper(Int32 errCode, OracleConnection conn, IntPtr opsErrCtx, OpoSqlValCtx* pOpoSqlValCtx, Object src, String procedure, Boolean bCheck)
   在 Oracle.DataAccess.Client.OracleException.HandleError(Int32 errCode, OracleConnection conn, IntPtr opsErrCtx, Object src)
   在 Oracle.DataAccess.Client.OracleConnection.Open()
   在 DataOperator.OracleDBO.Open() 位置 c:\Users\hp\Desktop\WebService\DataOperator\OracleDBO.cs:行号 167

**********************************************************************

错误时间 : 2019-02-18 08:07:10
错误对象 : Oracle Data Provider for .NET
异常方法 : Void HandleErrorHelper(Int32, Oracle.DataAccess.Client.OracleConnection, IntPtr, Oracle.DataAccess.Client.OpoSqlValCtx*, System.Object, System.String, Boolean)
错误信息 : ORA-12541: TNS: 无监听程序
堆栈内容 : 
   在 DataOperator.OracleDBO.HandelException(Exception ex) 位置 c:\Users\hp\Desktop\WebService\DataOperator\OracleDBO.cs:行号 123
   在 DataOperator.OracleDBO.Open() 位置 c:\Users\hp\Desktop\WebService\DataOperator\OracleDBO.cs:行号 176
   在 DataOperator.OracleDBO.GetDataAdapter(String ExOracle, OracleCmdParam[] MyCmdParam) 位置 c:\Users\hp\Desktop\WebService\DataOperator\OracleDBO.cs:行号 526
   在 DataOperator.OracleDBO.GetDataTable(String ExOracle, OracleCmdParam[] MyCmdParam) 位置 c:\Users\hp\Desktop\WebService\DataOperator\OracleDBO.cs:行号 761

**********************************************************************

错误时间 : 2019-02-18 08:07:13
错误对象 : Oracle Data Provider for .NET
异常方法 : Void HandleErrorHelper(Int32, Oracle.DataAccess.Client.OracleConnection, IntPtr, Oracle.DataAccess.Client.OpoSqlValCtx*, System.Object, System.String, Boolean)
错误信息 : ORA-12541: TNS: 无监听程序
堆栈内容 : 
   在 Oracle.DataAccess.Client.OracleException.HandleErrorHelper(Int32 errCode, OracleConnection conn, IntPtr opsErrCtx, OpoSqlValCtx* pOpoSqlValCtx, Object src, String procedure, Boolean bCheck)
   在 Oracle.DataAccess.Client.OracleException.HandleError(Int32 errCode, OracleConnection conn, IntPtr opsErrCtx, Object src)
   在 Oracle.DataAccess.Client.OracleConnection.Open()
   在 DataOperator.OracleDBO.Open() 位置 c:\Users\hp\Desktop\WebService\DataOperator\OracleDBO.cs:行号 167

**********************************************************************

错误时间 : 2019-02-18 08:07:13
错误对象 : Oracle Data Provider for .NET
异常方法 : Void HandleErrorHelper(Int32, Oracle.DataAccess.Client.OracleConnection, IntPtr, Oracle.DataAccess.Client.OpoSqlValCtx*, System.Object, System.String, Boolean)
错误信息 : ORA-12541: TNS: 无监听程序
堆栈内容 : 
   在 DataOperator.OracleDBO.HandelException(Exception ex) 位置 c:\Users\hp\Desktop\WebService\DataOperator\OracleDBO.cs:行号 123
   在 DataOperator.OracleDBO.Open() 位置 c:\Users\hp\Desktop\WebService\DataOperator\OracleDBO.cs:行号 176
   在 DataOperator.OracleDBO.GetDataAdapter(String ExOracle, OracleCmdParam[] MyCmdParam) 位置 c:\Users\hp\Desktop\WebService\DataOperator\OracleDBO.cs:行号 526
   在 DataOperator.OracleDBO.GetDataTable(String ExOracle, OracleCmdParam[] MyCmdParam) 位置 c:\Users\hp\Desktop\WebService\DataOperator\OracleDBO.cs:行号 761

**********************************************************************

错误时间 : 2019-02-18 08:07:15
错误对象 : Oracle Data Provider for .NET
异常方法 : Void HandleErrorHelper(Int32, Oracle.DataAccess.Client.OracleConnection, IntPtr, Oracle.DataAccess.Client.OpoSqlValCtx*, System.Object, System.String, Boolean)
错误信息 : ORA-12541: TNS: 无监听程序
堆栈内容 : 
   在 Oracle.DataAccess.Client.OracleException.HandleErrorHelper(Int32 errCode, OracleConnection conn, IntPtr opsErrCtx, OpoSqlValCtx* pOpoSqlValCtx, Object src, String procedure, Boolean bCheck)
   在 Oracle.DataAccess.Client.OracleException.HandleError(Int32 errCode, OracleConnection conn, IntPtr opsErrCtx, Object src)
   在 Oracle.DataAccess.Client.OracleConnection.Open()
   在 DataOperator.OracleDBO.Open() 位置 c:\Users\hp\Desktop\WebService\DataOperator\OracleDBO.cs:行号 167

**********************************************************************

错误时间 : 2019-02-18 08:07:15
错误对象 : Oracle Data Provider for .NET
异常方法 : Void HandleErrorHelper(Int32, Oracle.DataAccess.Client.OracleConnection, IntPtr, Oracle.DataAccess.Client.OpoSqlValCtx*, System.Object, System.String, Boolean)
错误信息 : ORA-12541: TNS: 无监听程序
堆栈内容 : 
   在 DataOperator.OracleDBO.HandelException(Exception ex) 位置 c:\Users\hp\Desktop\WebService\DataOperator\OracleDBO.cs:行号 123
   在 DataOperator.OracleDBO.Open() 位置 c:\Users\hp\Desktop\WebService\DataOperator\OracleDBO.cs:行号 176
   在 DataOperator.OracleDBO.GetDataAdapter(String ExOracle, OracleCmdParam[] MyCmdParam) 位置 c:\Users\hp\Desktop\WebService\DataOperator\OracleDBO.cs:行号 526
   在 DataOperator.OracleDBO.GetDataTable(String ExOracle, OracleCmdParam[] MyCmdParam) 位置 c:\Users\hp\Desktop\WebService\DataOperator\OracleDBO.cs:行号 761

**********************************************************************

错误时间 : 2019-02-18 08:07:17
错误对象 : Oracle Data Provider for .NET
异常方法 : Void HandleErrorHelper(Int32, Oracle.DataAccess.Client.OracleConnection, IntPtr, Oracle.DataAccess.Client.OpoSqlValCtx*, System.Object, System.String, Boolean)
错误信息 : ORA-12541: TNS: 无监听程序
堆栈内容 : 
   在 Oracle.DataAccess.Client.OracleException.HandleErrorHelper(Int32 errCode, OracleConnection conn, IntPtr opsErrCtx, OpoSqlValCtx* pOpoSqlValCtx, Object src, String procedure, Boolean bCheck)
   在 Oracle.DataAccess.Client.OracleException.HandleError(Int32 errCode, OracleConnection conn, IntPtr opsErrCtx, Object src)
   在 Oracle.DataAccess.Client.OracleConnection.Open()
   在 DataOperator.OracleDBO.Open() 位置 c:\Users\hp\Desktop\WebService\DataOperator\OracleDBO.cs:行号 167

**********************************************************************

错误时间 : 2019-02-18 08:07:17
错误对象 : Oracle Data Provider for .NET
异常方法 : Void HandleErrorHelper(Int32, Oracle.DataAccess.Client.OracleConnection, IntPtr, Oracle.DataAccess.Client.OpoSqlValCtx*, System.Object, System.String, Boolean)
错误信息 : ORA-12541: TNS: 无监听程序
堆栈内容 : 
   在 DataOperator.OracleDBO.HandelException(Exception ex) 位置 c:\Users\hp\Desktop\WebService\DataOperator\OracleDBO.cs:行号 123
   在 DataOperator.OracleDBO.Open() 位置 c:\Users\hp\Desktop\WebService\DataOperator\OracleDBO.cs:行号 176
   在 DataOperator.OracleDBO.GetDataAdapter(String ExOracle, OracleCmdParam[] MyCmdParam) 位置 c:\Users\hp\Desktop\WebService\DataOperator\OracleDBO.cs:行号 526
   在 DataOperator.OracleDBO.GetDataTable(String ExOracle, OracleCmdParam[] MyCmdParam) 位置 c:\Users\hp\Desktop\WebService\DataOperator\OracleDBO.cs:行号 761

**********************************************************************

错误时间 : 2019-02-18 08:07:19
错误对象 : Oracle Data Provider for .NET
异常方法 : Void HandleErrorHelper(Int32, Oracle.DataAccess.Client.OracleConnection, IntPtr, Oracle.DataAccess.Client.OpoSqlValCtx*, System.Object, System.String, Boolean)
错误信息 : ORA-12541: TNS: 无监听程序
堆栈内容 : 
   在 Oracle.DataAccess.Client.OracleException.HandleErrorHelper(Int32 errCode, OracleConnection conn, IntPtr opsErrCtx, OpoSqlValCtx* pOpoSqlValCtx, Object src, String procedure, Boolean bCheck)
   在 Oracle.DataAccess.Client.OracleException.HandleError(Int32 errCode, OracleConnection conn, IntPtr opsErrCtx, Object src)
   在 Oracle.DataAccess.Client.OracleConnection.Open()
   在 DataOperator.OracleDBO.Open() 位置 c:\Users\hp\Desktop\WebService\DataOperator\OracleDBO.cs:行号 167

**********************************************************************

错误时间 : 2019-02-18 08:07:19
错误对象 : Oracle Data Provider for .NET
异常方法 : Void HandleErrorHelper(Int32, Oracle.DataAccess.Client.OracleConnection, IntPtr, Oracle.DataAccess.Client.OpoSqlValCtx*, System.Object, System.String, Boolean)
错误信息 : ORA-12541: TNS: 无监听程序
堆栈内容 : 
   在 DataOperator.OracleDBO.HandelException(Exception ex) 位置 c:\Users\hp\Desktop\WebService\DataOperator\OracleDBO.cs:行号 123
   在 DataOperator.OracleDBO.Open() 位置 c:\Users\hp\Desktop\WebService\DataOperator\OracleDBO.cs:行号 176
   在 DataOperator.OracleDBO.GetDataAdapter(String ExOracle, OracleCmdParam[] MyCmdParam) 位置 c:\Users\hp\Desktop\WebService\DataOperator\OracleDBO.cs:行号 526
   在 DataOperator.OracleDBO.GetDataTable(String ExOracle, OracleCmdParam[] MyCmdParam) 位置 c:\Users\hp\Desktop\WebService\DataOperator\OracleDBO.cs:行号 761

**********************************************************************

