错误时间 : 2019-05-16 15:50:49
错误对象 : Oracle Data Provider for .NET
异常方法 : Void HandleErrorHelper(Int32, Oracle.DataAccess.Client.OracleConnection, IntPtr, Oracle.DataAccess.Client.OpoSqlValCtx*, System.Object, System.String, Boolean)
错误信息 : ORA-01036: 非法的变量名/编号
堆栈内容 : 
   在 Oracle.DataAccess.Client.OracleException.HandleErrorHelper(Int32 errCode, OracleConnection conn, IntPtr opsErrCtx, OpoSqlValCtx* pOpoSqlValCtx, Object src, String procedure, Boolean bCheck)
   在 Oracle.DataAccess.Client.OracleException.HandleError(Int32 errCode, OracleConnection conn, String procedure, IntPtr opsErrCtx, OpoSqlValCtx* pOpoSqlValCtx, Object src, Boolean bCheck)
   在 Oracle.DataAccess.Client.OracleCommand.ExecuteReader(Boolean requery, Boolean fillRequest, CommandBehavior behavior)
   在 Oracle.DataAccess.Client.OracleDataAdapter.Fill(DataTable[] dataTables, Int32 startRecord, Int32 maxRecords, IDbCommand command, CommandBehavior behavior)
   在 System.Data.Common.DbDataAdapter.Fill(DataTable dataTable)
   在 DataOperator.OracleDBO.GetDataTable(String ExOracle, OracleCmdParam[] MyCmdParam) 位置 e:\WebService\DataOperator\OracleDBO.cs:行号 984

**********************************************************************

错误时间 : 2019-05-16 15:52:49
错误对象 : Oracle Data Provider for .NET
异常方法 : Void HandleErrorHelper(Int32, Oracle.DataAccess.Client.OracleConnection, IntPtr, Oracle.DataAccess.Client.OpoSqlValCtx*, System.Object, System.String, Boolean)
错误信息 : ORA-01036: 非法的变量名/编号
堆栈内容 : 
   在 Oracle.DataAccess.Client.OracleException.HandleErrorHelper(Int32 errCode, OracleConnection conn, IntPtr opsErrCtx, OpoSqlValCtx* pOpoSqlValCtx, Object src, String procedure, Boolean bCheck)
   在 Oracle.DataAccess.Client.OracleException.HandleError(Int32 errCode, OracleConnection conn, String procedure, IntPtr opsErrCtx, OpoSqlValCtx* pOpoSqlValCtx, Object src, Boolean bCheck)
   在 Oracle.DataAccess.Client.OracleCommand.ExecuteReader(Boolean requery, Boolean fillRequest, CommandBehavior behavior)
   在 Oracle.DataAccess.Client.OracleDataAdapter.Fill(DataTable[] dataTables, Int32 startRecord, Int32 maxRecords, IDbCommand command, CommandBehavior behavior)
   在 System.Data.Common.DbDataAdapter.Fill(DataTable dataTable)
   在 DataOperator.OracleDBO.GetDataTable(String ExOracle, OracleCmdParam[] MyCmdParam) 位置 e:\WebService\DataOperator\OracleDBO.cs:行号 984

**********************************************************************

错误时间 : 2019-05-16 15:54:40
错误对象 : Oracle Data Provider for .NET
异常方法 : Void HandleErrorHelper(Int32, Oracle.DataAccess.Client.OracleConnection, IntPtr, Oracle.DataAccess.Client.OpoSqlValCtx*, System.Object, System.String, Boolean)
错误信息 : ORA-01036: 非法的变量名/编号
堆栈内容 : 
   在 Oracle.DataAccess.Client.OracleException.HandleErrorHelper(Int32 errCode, OracleConnection conn, IntPtr opsErrCtx, OpoSqlValCtx* pOpoSqlValCtx, Object src, String procedure, Boolean bCheck)
   在 Oracle.DataAccess.Client.OracleException.HandleError(Int32 errCode, OracleConnection conn, String procedure, IntPtr opsErrCtx, OpoSqlValCtx* pOpoSqlValCtx, Object src, Boolean bCheck)
   在 Oracle.DataAccess.Client.OracleCommand.ExecuteReader(Boolean requery, Boolean fillRequest, CommandBehavior behavior)
   在 Oracle.DataAccess.Client.OracleDataAdapter.Fill(DataTable[] dataTables, Int32 startRecord, Int32 maxRecords, IDbCommand command, CommandBehavior behavior)
   在 System.Data.Common.DbDataAdapter.Fill(DataTable dataTable)
   在 DataOperator.OracleDBO.GetDataTable(String ExOracle, OracleCmdParam[] MyCmdParam) 位置 e:\WebService\DataOperator\OracleDBO.cs:行号 984

**********************************************************************

错误时间 : 2019-05-16 16:22:18
错误对象 : Oracle Data Provider for .NET
异常方法 : Void HandleErrorHelper(Int32, Oracle.DataAccess.Client.OracleConnection, IntPtr, Oracle.DataAccess.Client.OpoSqlValCtx*, System.Object, System.String, Boolean)
错误信息 : ORA-01036: 非法的变量名/编号
堆栈内容 : 
   在 Oracle.DataAccess.Client.OracleException.HandleErrorHelper(Int32 errCode, OracleConnection conn, IntPtr opsErrCtx, OpoSqlValCtx* pOpoSqlValCtx, Object src, String procedure, Boolean bCheck)
   在 Oracle.DataAccess.Client.OracleException.HandleError(Int32 errCode, OracleConnection conn, String procedure, IntPtr opsErrCtx, OpoSqlValCtx* pOpoSqlValCtx, Object src, Boolean bCheck)
   在 Oracle.DataAccess.Client.OracleCommand.ExecuteNonQuery()
   在 DataOperator.OracleDBO.ExecuteNonQuery(String ExOracle, OracleCmdParam[] MyCmdParam) 位置 e:\WebService\DataOperator\OracleDBO.cs:行号 511

**********************************************************************

错误时间 : 2019-05-16 16:22:43
错误对象 : Oracle Data Provider for .NET
异常方法 : Void HandleErrorHelper(Int32, Oracle.DataAccess.Client.OracleConnection, IntPtr, Oracle.DataAccess.Client.OpoSqlValCtx*, System.Object, System.String, Boolean)
错误信息 : ORA-01036: 非法的变量名/编号
堆栈内容 : 
   在 Oracle.DataAccess.Client.OracleException.HandleErrorHelper(Int32 errCode, OracleConnection conn, IntPtr opsErrCtx, OpoSqlValCtx* pOpoSqlValCtx, Object src, String procedure, Boolean bCheck)
   在 Oracle.DataAccess.Client.OracleException.HandleError(Int32 errCode, OracleConnection conn, String procedure, IntPtr opsErrCtx, OpoSqlValCtx* pOpoSqlValCtx, Object src, Boolean bCheck)
   在 Oracle.DataAccess.Client.OracleCommand.ExecuteNonQuery()
   在 DataOperator.OracleDBO.ExecuteNonQuery(String ExOracle, OracleCmdParam[] MyCmdParam) 位置 e:\WebService\DataOperator\OracleDBO.cs:行号 511

**********************************************************************

错误时间 : 2019-05-16 16:24:52
错误对象 : Oracle Data Provider for .NET
异常方法 : Void HandleErrorHelper(Int32, Oracle.DataAccess.Client.OracleConnection, IntPtr, Oracle.DataAccess.Client.OpoSqlValCtx*, System.Object, System.String, Boolean)
错误信息 : ORA-01036: 非法的变量名/编号
堆栈内容 : 
   在 Oracle.DataAccess.Client.OracleException.HandleErrorHelper(Int32 errCode, OracleConnection conn, IntPtr opsErrCtx, OpoSqlValCtx* pOpoSqlValCtx, Object src, String procedure, Boolean bCheck)
   在 Oracle.DataAccess.Client.OracleException.HandleError(Int32 errCode, OracleConnection conn, String procedure, IntPtr opsErrCtx, OpoSqlValCtx* pOpoSqlValCtx, Object src, Boolean bCheck)
   在 Oracle.DataAccess.Client.OracleCommand.ExecuteNonQuery()
   在 DataOperator.OracleDBO.ExecuteNonQuery(String ExOracle, OracleCmdParam[] MyCmdParam) 位置 e:\WebService\DataOperator\OracleDBO.cs:行号 511

**********************************************************************

错误时间 : 2019-05-16 16:26:40
错误对象 : Oracle Data Provider for .NET
异常方法 : Void HandleErrorHelper(Int32, Oracle.DataAccess.Client.OracleConnection, IntPtr, Oracle.DataAccess.Client.OpoSqlValCtx*, System.Object, System.String, Boolean)
错误信息 : ORA-01036: 非法的变量名/编号
堆栈内容 : 
   在 Oracle.DataAccess.Client.OracleException.HandleErrorHelper(Int32 errCode, OracleConnection conn, IntPtr opsErrCtx, OpoSqlValCtx* pOpoSqlValCtx, Object src, String procedure, Boolean bCheck)
   在 Oracle.DataAccess.Client.OracleException.HandleError(Int32 errCode, OracleConnection conn, String procedure, IntPtr opsErrCtx, OpoSqlValCtx* pOpoSqlValCtx, Object src, Boolean bCheck)
   在 Oracle.DataAccess.Client.OracleCommand.ExecuteNonQuery()
   在 DataOperator.OracleDBO.ExecuteNonQuery(String ExOracle, OracleCmdParam[] MyCmdParam) 位置 e:\WebService\DataOperator\OracleDBO.cs:行号 511

**********************************************************************

错误时间 : 2019-05-16 16:28:31
错误对象 : Oracle Data Provider for .NET
异常方法 : Void HandleErrorHelper(Int32, Oracle.DataAccess.Client.OracleConnection, IntPtr, Oracle.DataAccess.Client.OpoSqlValCtx*, System.Object, System.String, Boolean)
错误信息 : ORA-01861: 文字与格式字符串不匹配
堆栈内容 : 
   在 Oracle.DataAccess.Client.OracleException.HandleErrorHelper(Int32 errCode, OracleConnection conn, IntPtr opsErrCtx, OpoSqlValCtx* pOpoSqlValCtx, Object src, String procedure, Boolean bCheck)
   在 Oracle.DataAccess.Client.OracleException.HandleError(Int32 errCode, OracleConnection conn, String procedure, IntPtr opsErrCtx, OpoSqlValCtx* pOpoSqlValCtx, Object src, Boolean bCheck)
   在 Oracle.DataAccess.Client.OracleCommand.ExecuteReader(Boolean requery, Boolean fillRequest, CommandBehavior behavior)
   在 Oracle.DataAccess.Client.OracleDataAdapter.Fill(DataTable[] dataTables, Int32 startRecord, Int32 maxRecords, IDbCommand command, CommandBehavior behavior)
   在 System.Data.Common.DbDataAdapter.Fill(DataTable dataTable)
   在 DataOperator.OracleDBO.GetDataTable(String ExOracle, OracleCmdParam[] MyCmdParam) 位置 e:\WebService\DataOperator\OracleDBO.cs:行号 984

**********************************************************************

错误时间 : 2019-05-16 16:29:55
错误对象 : Oracle Data Provider for .NET
异常方法 : Void HandleErrorHelper(Int32, Oracle.DataAccess.Client.OracleConnection, IntPtr, Oracle.DataAccess.Client.OpoSqlValCtx*, System.Object, System.String, Boolean)
错误信息 : ORA-01861: 文字与格式字符串不匹配
堆栈内容 : 
   在 Oracle.DataAccess.Client.OracleException.HandleErrorHelper(Int32 errCode, OracleConnection conn, IntPtr opsErrCtx, OpoSqlValCtx* pOpoSqlValCtx, Object src, String procedure, Boolean bCheck)
   在 Oracle.DataAccess.Client.OracleException.HandleError(Int32 errCode, OracleConnection conn, String procedure, IntPtr opsErrCtx, OpoSqlValCtx* pOpoSqlValCtx, Object src, Boolean bCheck)
   在 Oracle.DataAccess.Client.OracleCommand.ExecuteReader(Boolean requery, Boolean fillRequest, CommandBehavior behavior)
   在 Oracle.DataAccess.Client.OracleDataAdapter.Fill(DataTable[] dataTables, Int32 startRecord, Int32 maxRecords, IDbCommand command, CommandBehavior behavior)
   在 System.Data.Common.DbDataAdapter.Fill(DataTable dataTable)
   在 DataOperator.OracleDBO.GetDataTable(String ExOracle, OracleCmdParam[] MyCmdParam) 位置 e:\WebService\DataOperator\OracleDBO.cs:行号 984

**********************************************************************

错误时间 : 2019-05-16 16:31:01
错误对象 : Oracle Data Provider for .NET
异常方法 : Void HandleErrorHelper(Int32, Oracle.DataAccess.Client.OracleConnection, IntPtr, Oracle.DataAccess.Client.OpoSqlValCtx*, System.Object, System.String, Boolean)
错误信息 : ORA-01036: 非法的变量名/编号
堆栈内容 : 
   在 Oracle.DataAccess.Client.OracleException.HandleErrorHelper(Int32 errCode, OracleConnection conn, IntPtr opsErrCtx, OpoSqlValCtx* pOpoSqlValCtx, Object src, String procedure, Boolean bCheck)
   在 Oracle.DataAccess.Client.OracleException.HandleError(Int32 errCode, OracleConnection conn, String procedure, IntPtr opsErrCtx, OpoSqlValCtx* pOpoSqlValCtx, Object src, Boolean bCheck)
   在 Oracle.DataAccess.Client.OracleCommand.ExecuteNonQuery()
   在 DataOperator.OracleDBO.ExecuteNonQuery(String ExOracle, OracleCmdParam[] MyCmdParam) 位置 e:\WebService\DataOperator\OracleDBO.cs:行号 511

**********************************************************************

错误时间 : 2019-05-16 16:36:00
错误对象 : Oracle Data Provider for .NET
异常方法 : Void HandleErrorHelper(Int32, Oracle.DataAccess.Client.OracleConnection, IntPtr, Oracle.DataAccess.Client.OpoSqlValCtx*, System.Object, System.String, Boolean)
错误信息 : ORA-01036: 非法的变量名/编号
堆栈内容 : 
   在 Oracle.DataAccess.Client.OracleException.HandleErrorHelper(Int32 errCode, OracleConnection conn, IntPtr opsErrCtx, OpoSqlValCtx* pOpoSqlValCtx, Object src, String procedure, Boolean bCheck)
   在 Oracle.DataAccess.Client.OracleException.HandleError(Int32 errCode, OracleConnection conn, String procedure, IntPtr opsErrCtx, OpoSqlValCtx* pOpoSqlValCtx, Object src, Boolean bCheck)
   在 Oracle.DataAccess.Client.OracleCommand.ExecuteNonQuery()
   在 DataOperator.OracleDBO.ExecuteNonQuery(String ExOracle, OracleCmdParam[] MyCmdParam) 位置 e:\WebService\DataOperator\OracleDBO.cs:行号 511

**********************************************************************

错误时间 : 2019-05-16 16:40:49
错误对象 : Oracle Data Provider for .NET
异常方法 : Void HandleErrorHelper(Int32, Oracle.DataAccess.Client.OracleConnection, IntPtr, Oracle.DataAccess.Client.OpoSqlValCtx*, System.Object, System.String, Boolean)
错误信息 : ORA-01036: 非法的变量名/编号
堆栈内容 : 
   在 Oracle.DataAccess.Client.OracleException.HandleErrorHelper(Int32 errCode, OracleConnection conn, IntPtr opsErrCtx, OpoSqlValCtx* pOpoSqlValCtx, Object src, String procedure, Boolean bCheck)
   在 Oracle.DataAccess.Client.OracleException.HandleError(Int32 errCode, OracleConnection conn, String procedure, IntPtr opsErrCtx, OpoSqlValCtx* pOpoSqlValCtx, Object src, Boolean bCheck)
   在 Oracle.DataAccess.Client.OracleCommand.ExecuteNonQuery()
   在 DataOperator.OracleDBO.ExecuteNonQuery(String ExOracle, OracleCmdParam[] MyCmdParam) 位置 e:\WebService\DataOperator\OracleDBO.cs:行号 511

**********************************************************************

错误时间 : 2019-05-16 16:41:23
错误对象 : Oracle Data Provider for .NET
异常方法 : Void HandleErrorHelper(Int32, Oracle.DataAccess.Client.OracleConnection, IntPtr, Oracle.DataAccess.Client.OpoSqlValCtx*, System.Object, System.String, Boolean)
错误信息 : ORA-01036: 非法的变量名/编号
堆栈内容 : 
   在 Oracle.DataAccess.Client.OracleException.HandleErrorHelper(Int32 errCode, OracleConnection conn, IntPtr opsErrCtx, OpoSqlValCtx* pOpoSqlValCtx, Object src, String procedure, Boolean bCheck)
   在 Oracle.DataAccess.Client.OracleException.HandleError(Int32 errCode, OracleConnection conn, String procedure, IntPtr opsErrCtx, OpoSqlValCtx* pOpoSqlValCtx, Object src, Boolean bCheck)
   在 Oracle.DataAccess.Client.OracleCommand.ExecuteNonQuery()
   在 DataOperator.OracleDBO.ExecuteNonQuery(String ExOracle, OracleCmdParam[] MyCmdParam) 位置 e:\WebService\DataOperator\OracleDBO.cs:行号 511

**********************************************************************

错误时间 : 2019-05-16 16:42:58
错误对象 : Oracle Data Provider for .NET
异常方法 : Void HandleErrorHelper(Int32, Oracle.DataAccess.Client.OracleConnection, IntPtr, Oracle.DataAccess.Client.OpoSqlValCtx*, System.Object, System.String, Boolean)
错误信息 : ORA-01036: 非法的变量名/编号
堆栈内容 : 
   在 Oracle.DataAccess.Client.OracleException.HandleErrorHelper(Int32 errCode, OracleConnection conn, IntPtr opsErrCtx, OpoSqlValCtx* pOpoSqlValCtx, Object src, String procedure, Boolean bCheck)
   在 Oracle.DataAccess.Client.OracleException.HandleError(Int32 errCode, OracleConnection conn, String procedure, IntPtr opsErrCtx, OpoSqlValCtx* pOpoSqlValCtx, Object src, Boolean bCheck)
   在 Oracle.DataAccess.Client.OracleCommand.ExecuteNonQuery()
   在 DataOperator.OracleDBO.ExecuteNonQuery(String ExOracle, OracleCmdParam[] MyCmdParam) 位置 e:\WebService\DataOperator\OracleDBO.cs:行号 511

**********************************************************************

错误时间 : 2019-05-16 16:43:43
错误对象 : Oracle Data Provider for .NET
异常方法 : Void HandleErrorHelper(Int32, Oracle.DataAccess.Client.OracleConnection, IntPtr, Oracle.DataAccess.Client.OpoSqlValCtx*, System.Object, System.String, Boolean)
错误信息 : ORA-01036: 非法的变量名/编号
堆栈内容 : 
   在 Oracle.DataAccess.Client.OracleException.HandleErrorHelper(Int32 errCode, OracleConnection conn, IntPtr opsErrCtx, OpoSqlValCtx* pOpoSqlValCtx, Object src, String procedure, Boolean bCheck)
   在 Oracle.DataAccess.Client.OracleException.HandleError(Int32 errCode, OracleConnection conn, String procedure, IntPtr opsErrCtx, OpoSqlValCtx* pOpoSqlValCtx, Object src, Boolean bCheck)
   在 Oracle.DataAccess.Client.OracleCommand.ExecuteNonQuery()
   在 DataOperator.OracleDBO.ExecuteNonQuery(String ExOracle, OracleCmdParam[] MyCmdParam) 位置 e:\WebService\DataOperator\OracleDBO.cs:行号 511

**********************************************************************

