错误时间 : 2019-02-13 08:29:48
错误对象 : Oracle Data Provider for .NET
异常方法 : Void HandleErrorHelper(Int32, Oracle.DataAccess.Client.OracleConnection, IntPtr, Oracle.DataAccess.Client.OpoSqlValCtx*, System.Object, System.String, Boolean)
错误信息 : ORA-01036: 非法的变量名/编号
堆栈内容 : 
   在 Oracle.DataAccess.Client.OracleException.HandleErrorHelper(Int32 errCode, OracleConnection conn, IntPtr opsErrCtx, OpoSqlValCtx* pOpoSqlValCtx, Object src, String procedure, Boolean bCheck)
   在 Oracle.DataAccess.Client.OracleException.HandleError(Int32 errCode, OracleConnection conn, String procedure, IntPtr opsErrCtx, OpoSqlValCtx* pOpoSqlValCtx, Object src, Boolean bCheck)
   在 Oracle.DataAccess.Client.OracleCommand.ExecuteNonQuery()
   在 DataOperator.OracleDBO.ExecuteNonQuery(String ExOracle, OracleCmdParam[] MyCmdParam) 位置 c:\Users\hp\Desktop\WebService\DataOperator\OracleDBO.cs:行号 386

**********************************************************************

错误时间 : 2019-02-13 08:30:33
错误对象 : Oracle Data Provider for .NET
异常方法 : Void HandleErrorHelper(Int32, Oracle.DataAccess.Client.OracleConnection, IntPtr, Oracle.DataAccess.Client.OpoSqlValCtx*, System.Object, System.String, Boolean)
错误信息 : ORA-01036: 非法的变量名/编号
堆栈内容 : 
   在 Oracle.DataAccess.Client.OracleException.HandleErrorHelper(Int32 errCode, OracleConnection conn, IntPtr opsErrCtx, OpoSqlValCtx* pOpoSqlValCtx, Object src, String procedure, Boolean bCheck)
   在 Oracle.DataAccess.Client.OracleException.HandleError(Int32 errCode, OracleConnection conn, String procedure, IntPtr opsErrCtx, OpoSqlValCtx* pOpoSqlValCtx, Object src, Boolean bCheck)
   在 Oracle.DataAccess.Client.OracleCommand.ExecuteNonQuery()
   在 DataOperator.OracleDBO.ExecuteNonQuery(String ExOracle, OracleCmdParam[] MyCmdParam) 位置 c:\Users\hp\Desktop\WebService\DataOperator\OracleDBO.cs:行号 386

**********************************************************************

错误时间 : 2019-02-13 08:30:36
错误对象 : Oracle Data Provider for .NET
异常方法 : Void HandleErrorHelper(Int32, Oracle.DataAccess.Client.OracleConnection, IntPtr, Oracle.DataAccess.Client.OpoSqlValCtx*, System.Object, System.String, Boolean)
错误信息 : ORA-01036: 非法的变量名/编号
堆栈内容 : 
   在 Oracle.DataAccess.Client.OracleException.HandleErrorHelper(Int32 errCode, OracleConnection conn, IntPtr opsErrCtx, OpoSqlValCtx* pOpoSqlValCtx, Object src, String procedure, Boolean bCheck)
   在 Oracle.DataAccess.Client.OracleException.HandleError(Int32 errCode, OracleConnection conn, String procedure, IntPtr opsErrCtx, OpoSqlValCtx* pOpoSqlValCtx, Object src, Boolean bCheck)
   在 Oracle.DataAccess.Client.OracleCommand.ExecuteNonQuery()
   在 DataOperator.OracleDBO.ExecuteNonQuery(String ExOracle, OracleCmdParam[] MyCmdParam) 位置 c:\Users\hp\Desktop\WebService\DataOperator\OracleDBO.cs:行号 386

**********************************************************************

错误时间 : 2019-02-13 09:24:14
错误对象 : Oracle Data Provider for .NET
异常方法 : Void HandleErrorHelper(Int32, Oracle.DataAccess.Client.OracleConnection, IntPtr, Oracle.DataAccess.Client.OpoSqlValCtx*, System.Object, System.String, Boolean)
错误信息 : ORA-01008: 并非所有变量都已绑定
堆栈内容 : 
   在 Oracle.DataAccess.Client.OracleException.HandleErrorHelper(Int32 errCode, OracleConnection conn, IntPtr opsErrCtx, OpoSqlValCtx* pOpoSqlValCtx, Object src, String procedure, Boolean bCheck)
   在 Oracle.DataAccess.Client.OracleException.HandleError(Int32 errCode, OracleConnection conn, String procedure, IntPtr opsErrCtx, OpoSqlValCtx* pOpoSqlValCtx, Object src, Boolean bCheck)
   在 Oracle.DataAccess.Client.OracleCommand.ExecuteNonQuery()
   在 DataOperator.OracleDBO.ExecuteNonQuery(String ExOracle, OracleCmdParam[] MyCmdParam) 位置 c:\Users\hp\Desktop\WebService\DataOperator\OracleDBO.cs:行号 386

**********************************************************************

错误时间 : 2019-02-13 09:24:16
错误对象 : Oracle Data Provider for .NET
异常方法 : Void HandleErrorHelper(Int32, Oracle.DataAccess.Client.OracleConnection, IntPtr, Oracle.DataAccess.Client.OpoSqlValCtx*, System.Object, System.String, Boolean)
错误信息 : ORA-01008: 并非所有变量都已绑定
堆栈内容 : 
   在 Oracle.DataAccess.Client.OracleException.HandleErrorHelper(Int32 errCode, OracleConnection conn, IntPtr opsErrCtx, OpoSqlValCtx* pOpoSqlValCtx, Object src, String procedure, Boolean bCheck)
   在 Oracle.DataAccess.Client.OracleException.HandleError(Int32 errCode, OracleConnection conn, String procedure, IntPtr opsErrCtx, OpoSqlValCtx* pOpoSqlValCtx, Object src, Boolean bCheck)
   在 Oracle.DataAccess.Client.OracleCommand.ExecuteNonQuery()
   在 DataOperator.OracleDBO.ExecuteNonQuery(String ExOracle, OracleCmdParam[] MyCmdParam) 位置 c:\Users\hp\Desktop\WebService\DataOperator\OracleDBO.cs:行号 386

**********************************************************************

错误时间 : 2019-02-13 09:46:35
错误对象 : DataOperator
异常方法 : Void Commit()
错误信息 : 未将对象引用设置到对象的实例。
堆栈内容 : 
   在 DataOperator.OracleDBO.Commit() 位置 c:\Users\hp\Desktop\WebService\DataOperator\OracleDBO.cs:行号 237

**********************************************************************

错误时间 : 2019-02-13 09:46:37
错误对象 : DataOperator
异常方法 : Void Commit()
错误信息 : 未将对象引用设置到对象的实例。
堆栈内容 : 
   在 DataOperator.OracleDBO.Commit() 位置 c:\Users\hp\Desktop\WebService\DataOperator\OracleDBO.cs:行号 237

**********************************************************************

错误时间 : 2019-02-13 09:47:01
错误对象 : DataOperator
异常方法 : Void Commit()
错误信息 : 未将对象引用设置到对象的实例。
堆栈内容 : 
   在 DataOperator.OracleDBO.Commit() 位置 c:\Users\hp\Desktop\WebService\DataOperator\OracleDBO.cs:行号 237

**********************************************************************

